<?xml version="1.0" encoding="UTF-8"?>
<testng-results skipped="6" failed="13" total="158" passed="139">
  <reporter-output>
    <line>
      <![CDATA[Env is : STAGE]]>
    </line>
    <line>
      <![CDATA[
]]>
    </line>
    <line>
      <![CDATA[############## TEST CLASS STARTED : - ENROLL_PAYING_FULLPAYMENT_WITH_CREDITCARD_OPTION_TEST ####################]]>
    </line>
    <line>
      <![CDATA[
]]>
    </line>
    <line>
      <![CDATA[
]]>
    </line>
    <line>
      <![CDATA[********** TEST METHOD  : - STEP01_USER_LAUNCHES_APPLICATION ***************]]>
    </line>
    <line>
      <![CDATA[
]]>
    </line>
    <line>
      <![CDATA[The test browser is :- Chrome
]]>
    </line>
    <line>
      <![CDATA[
The application url is :- https://stage.www.pennfoster.edu/]]>
    </line>
    <line>
      <![CDATA[
]]>
    </line>
    <line>
      <![CDATA[********** TEST METHOD  : - STEP02_USER_CLICKS_ON_ENROLL_LINKS_AND_NAVIGATE_TO_ENROLL_PRODUCTPAGE ***************]]>
    </line>
    <line>
      <![CDATA[
]]>
    </line>
    <line>
      <![CDATA[https://stage.www.pennfoster.edu/]]>
    </line>
    <line>
      <![CDATA[ASSERT PASSED: PageTitle for Accredited College, High School & Career School Online | Penn Foster contains: 'Accredited College, High School & Career School Online | Penn Foster'.]]>
    </line>
    <line>
      <![CDATA[ASSERT PASSED: element img_logo is displayed.]]>
    </line>
    <line>
      <![CDATA[User Clicks on Enroll Button]]>
    </line>
    <line>
      <![CDATA[
]]>
    </line>
    <line>
      <![CDATA[********** TEST METHOD  : - STEP03_USER_VERIFY_FIELDS_ON_STEP_ONE ***************]]>
    </line>
    <line>
      <![CDATA[
]]>
    </line>
    <line>
      <![CDATA[ASSERT PASSED: element txt_step1 is displayed.]]>
    </line>
    <line>
      <![CDATA[ACTUAL STRING : Enroll Now in 4 Easy Steps]]>
    </line>
    <line>
      <![CDATA[EXPECTED STRING :Enroll Now in 4 Easy Steps]]>
    </line>
    <line>
      <![CDATA[String compare Assertion passed.]]>
    </line>
    <line>
      <![CDATA[ASSERT PASSED: element input_fName is displayed.]]>
    </line>
    <line>
      <![CDATA[ASSERT PASSED: element input_lastName is displayed.]]>
    </line>
    <line>
      <![CDATA[ASSERT PASSED: element input_email is displayed.]]>
    </line>
    <line>
      <![CDATA[ASSERT PASSED: element input_zipCode is displayed.]]>
    </line>
    <line>
      <![CDATA[ASSERT PASSED: element drpdwn_hearAboutus is displayed.]]>
    </line>
    <line>
      <![CDATA[ASSERT PASSED: element img_progressStep1 is displayed.]]>
    </line>
    <line>
      <![CDATA[
]]>
    </line>
    <line>
      <![CDATA[********** TEST METHOD  : - STEP04_USER_VERIFY_VALIDTAIONS_ON_STEP_ONE ***************]]>
    </line>
    <line>
      <![CDATA[
]]>
    </line>
    <line>
      <![CDATA[User Clicks on Step1]]>
    </line>
    <line>
      <![CDATA[ASSERT PASSED: element txt_programError is visible and Text is Program required]]>
    </line>
    <line>
      <![CDATA[ASSERT PASSED: element txt_fError is visible and Text is Student First Name required]]>
    </line>
    <line>
      <![CDATA[ASSERT PASSED: element txt_lError is visible and Text is Student Last Name required]]>
    </line>
    <line>
      <![CDATA[ASSERT PASSED: element txt_emailError is visible and Text is Email Address required]]>
    </line>
    <line>
      <![CDATA[ASSERT PASSED: element txt_zipError is visible and Text is Zip Code required]]>
    </line>
    <line>
      <![CDATA[User select High School Diploma value from dropdown]]>
    </line>
    <line>
      <![CDATA[User Select HIGH SCHOOL DIPLOMA from dropdown]]>
    </line>
    <line>
      <![CDATA[Entered Text Invalid]]>
    </line>
    <line>
      <![CDATA[Entered Text Invalid]]>
    </line>
    <line>
      <![CDATA[Entered Text invalid]]>
    </line>
    <line>
      <![CDATA[Entered Text invalid]]>
    </line>
    <line>
      <![CDATA[User select Online Textbooks (Immediate access) value from dropdown]]>
    </line>
    <line>
      <![CDATA[Entered Text 00]]>
    </line>
    <line>
      <![CDATA[ASSERT PASSED: element img_nextOnStep1 is displayed.]]>
    </line>
    <line>
      <![CDATA[USer Clicks on Next on step1]]>
    </line>
    <line>
      <![CDATA[ASSERT PASSED: element txt_emailError is visible and Text is Invalid Email Address]]>
    </line>
    <line>
      <![CDATA[ASSERT PASSED: element txt_zipError is visible and Text is Invalid Zip Code]]>
    </line>
    <line>
      <![CDATA[
]]>
    </line>
    <line>
      <![CDATA[********** TEST METHOD  : - STEP05_USER_ENTERED_STUDENT_INFORMATION_ON_STEP1_AND_NAVIGATE_TO_STEP2 ***************]]>
    </line>
    <line>
      <![CDATA[
]]>
    </line>
    <line>
      <![CDATA[User select High School Diploma value from dropdown]]>
    </line>
    <line>
      <![CDATA[User Select HIGH SCHOOL DIPLOMA from dropdown]]>
    </line>
    <line>
      <![CDATA[Entered Text Qafmvkehan]]>
    </line>
    <line>
      <![CDATA[Entered Text Qaloujvctov]]>
    </line>
    <line>
      <![CDATA[Entered Text Q1496152003720@mailinator.com]]>
    </line>
    <line>
      <![CDATA[Entered Text Q1496152003720@mailinator.com]]>
    </line>
    <line>
      <![CDATA[User select Online Textbooks (Immediate access) value from dropdown]]>
    </line>
    <line>
      <![CDATA[Entered Text 18504]]>
    </line>
    <line>
      <![CDATA[ASSERT PASSED: element img_nextOnStep1 is displayed.]]>
    </line>
    <line>
      <![CDATA[USer Clicks on Next on step1]]>
    </line>
    <line>
      <![CDATA[
]]>
    </line>
    <line>
      <![CDATA[********** TEST METHOD  : - STEP06_USER_VERIFY_FIELDS_ON_STEP2_AND_ENTERED_CONTACT_DETAILS ***************]]>
    </line>
    <line>
      <![CDATA[
]]>
    </line>
    <line>
      <![CDATA[ASSERT PASSED: element img_nextOnStep1 is displayed.]]>
    </line>
    <line>
      <![CDATA[USer Clicks on Next on step1]]>
    </line>
    <line>
      <![CDATA[ASSERT PASSED: element txt_step2 is displayed.]]>
    </line>
    <line>
      <![CDATA[ACTUAL STRING : Enter Contact Information]]>
    </line>
    <line>
      <![CDATA[EXPECTED STRING :Enter Contact Information]]>
    </line>
    <line>
      <![CDATA[String compare Assertion passed.]]>
    </line>
    <line>
      <![CDATA[ASSERT PASSED: element input_address1 is displayed.]]>
    </line>
    <line>
      <![CDATA[ASSERT PASSED: element input_address2 is displayed.]]>
    </line>
    <line>
      <![CDATA[ASSERT PASSED: element input_phonenumber is displayed.]]>
    </line>
    <line>
      <![CDATA[ASSERT PASSED: element radiobtn_mobile is displayed.]]>
    </line>
    <line>
      <![CDATA[ASSERT PASSED: element radiobtn_phone is displayed.]]>
    </line>
    <line>
      <![CDATA[ASSERT PASSED: element drpdwn_gender is displayed.]]>
    </line>
    <line>
      <![CDATA[ASSERT PASSED: element input_dob is displayed.]]>
    </line>
    <line>
      <![CDATA[ASSERT PASSED: element drpdwn_highestEducation is displayed.]]>
    </line>
    <line>
      <![CDATA[ASSERT PASSED: element input_zipStep2 is displayed.]]>
    </line>
    <line>
      <![CDATA[ASSERT PASSED: element drpdwn_stateStep2 is displayed.]]>
    </line>
    <line>
      <![CDATA[ASSERT PASSED: element input_cityStep2 is displayed.]]>
    </line>
    <line>
      <![CDATA[ASSERT PASSED: element image_step2Submit is displayed.]]>
    </line>
    <line>
      <![CDATA[Assertion Passed : zipcode is correct]]>
    </line>
    <line>
      <![CDATA[Assertion Passed : city and state value is correct]]>
    </line>
    <line>
      <![CDATA[Entered Text 429 N Main Ave]]>
    </line>
    <line>
      <![CDATA[Entered Text 8003527550]]>
    </line>
    <line>
      <![CDATA[User select Male value from dropdown]]>
    </line>
    <line>
      <![CDATA[Entered Text 09/09/1990]]>
    </line>
    <line>
      <![CDATA[User select Bachelor's Degree value from dropdown]]>
    </line>
    <line>
      <![CDATA[ASSERT PASSED: element image_step2Submit is displayed.]]>
    </line>
    <line>
      <![CDATA[
]]>
    </line>
    <line>
      <![CDATA[********** TEST METHOD  : - STEP07_USER_NAVIGATE_TO_PAYMENTPLAN_STEP3_AND_VERIFY_ALL_PAYMENT_PLANS ***************]]>
    </line>
    <line>
      <![CDATA[
]]>
    </line>
    <line>
      <![CDATA[ASSERT PASSED: element txt_titlePaymentPlan is displayed.]]>
    </line>
    <line>
      <![CDATA[ACTUAL STRING : Select your payment plan]]>
    </line>
    <line>
      <![CDATA[EXPECTED STRING :Select your payment plan]]>
    </line>
    <line>
      <![CDATA[String compare Assertion passed.]]>
    </line>
    <line>
      <![CDATA[ASSERT PASSED: element lnk_fullPay is displayed.]]>
    </line>
    <line>
      <![CDATA[ASSERT PASSED: element lnk_monthlyPay is displayed.]]>
    </line>
    <line>
      <![CDATA[ASSERT PASSED: element lnk_payByMail is displayed.]]>
    </line>
    <line>
      <![CDATA[
]]>
    </line>
    <line>
      <![CDATA[********** TEST METHOD  : - STEP08_USER_SELECT_FULL_PAYMENT_METHOD_PLANS_VERIFY_PAYMENT_SUMMARY_BESTOFFER ***************]]>
    </line>
    <line>
      <![CDATA[
]]>
    </line>
    <line>
      <![CDATA[ASSERT PASSED: element txt_totalPayableAmount is displayed.]]>
    </line>
    <line>
      <![CDATA[ASSERT PASSED: element txt_bestOfferFullpay is visible and Text is By paying in full today you save]]>
    </line>
    <line>
      <![CDATA[ASSERT PASSED: element txt_summary is displayed.]]>
    </line>
    <line>
      <![CDATA[Assertion Passed : Payment Summary is correct, payable amount is 949 after discount 366]]>
    </line>
    <line>
      <![CDATA[Assertion Passed : Element slider_monthlyPayment is not displayed ]]>
    </line>
    <line>
      <![CDATA[Assertion Passed : Element slider_downPayment is not displayed ]]>
    </line>
    <line>
      <![CDATA[
]]>
    </line>
    <line>
      <![CDATA[********** TEST METHOD  : - STEP09_SELECT_FULL_PAYMENT_METHOD_AND_NAVIGATE_TO_PAYMENT_METHOD_STEP4 ***************]]>
    </line>
    <line>
      <![CDATA[
]]>
    </line>
    <line>
      <![CDATA[user click next on payment plan]]>
    </line>
    <line>
      <![CDATA[ASSERT PASSED: element txt_titlePaymentMethod is displayed.]]>
    </line>
    <line>
      <![CDATA[ACTUAL STRING : Select Your Payment Method]]>
    </line>
    <line>
      <![CDATA[EXPECTED STRING :Select Your Payment Method]]>
    </line>
    <line>
      <![CDATA[String compare Assertion passed.]]>
    </line>
    <line>
      <![CDATA[ASSERT PASSED: element txt_titlePaymentMethod is displayed.]]>
    </line>
    <line>
      <![CDATA[ACTUAL STRING : Select Your Payment Method]]>
    </line>
    <line>
      <![CDATA[EXPECTED STRING :Select Your Payment Method]]>
    </line>
    <line>
      <![CDATA[String compare Assertion passed.]]>
    </line>
    <line>
      <![CDATA[
]]>
    </line>
    <line>
      <![CDATA[********** TEST METHOD  : - STEP10_VERIFY_ALL_PAYMENT_METHODS_DISPLAYED_AND_SELECT_CREDIT_CARD_PAYMENT_OPTION ***************]]>
    </line>
    <line>
      <![CDATA[
]]>
    </line>
    <line>
      <![CDATA[ASSERT PASSED: element lnk_debitCredit is displayed.]]>
    </line>
    <line>
      <![CDATA[ASSERT PASSED: element lnk_checkingSavings is displayed.]]>
    </line>
    <line>
      <![CDATA[ASSERT PASSED: element lnk_PayPal is displayed.]]>
    </line>
    <line>
      <![CDATA[
]]>
    </line>
    <line>
      <![CDATA[********** TEST METHOD  : - STEP11_VERIFY_CREDIT_CARD_FEILDS ***************]]>
    </line>
    <line>
      <![CDATA[
]]>
    </line>
    <line>
      <![CDATA[ASSERT PASSED: element input_firstDebitName is displayed.]]>
    </line>
    <line>
      <![CDATA[ASSERT PASSED: element input_debitLName is displayed.]]>
    </line>
    <line>
      <![CDATA[ASSERT PASSED: element input_debitAddress is displayed.]]>
    </line>
    <line>
      <![CDATA[ASSERT PASSED: element input_debitCardNumber is displayed.]]>
    </line>
    <line>
      <![CDATA[ASSERT PASSED: element drpdwn_debitMonth is displayed.]]>
    </line>
    <line>
      <![CDATA[ASSERT PASSED: element drpden_debitYear is displayed.]]>
    </line>
    <line>
      <![CDATA[ASSERT PASSED: element drpdwn_debitCvv is displayed.]]>
    </line>
    <line>
      <![CDATA[ASSERT PASSED: element input_debitCardCity is displayed.]]>
    </line>
    <line>
      <![CDATA[ASSERT PASSED: element drpdwn_debitState is displayed.]]>
    </line>
    <line>
      <![CDATA[ASSERT PASSED: element input_debitZipCode is displayed.]]>
    </line>
    <line>
      <![CDATA[
]]>
    </line>
    <line>
      <![CDATA[********** TEST METHOD  : - STEP12_VERIFY_PREPAIDCARD_CHECKBOX ***************]]>
    </line>
    <line>
      <![CDATA[
]]>
    </line>
    <line>
      <![CDATA[ASSERT PASSED: element chkbox_prepaidCard is displayed.]]>
    </line>
    <line>
      <![CDATA[ASSERT PASSED: element txt_prepaidCard is visible and Text is prepaid card]]>
    </line>
    <line>
      <![CDATA[
]]>
    </line>
    <line>
      <![CDATA[********** TEST METHOD  : - STEP13_ENTER_CREDITORDEBITCARD_DETAILS_AND_NAVIGATE_TO_STEP5_COMPLETE_ENROLLMENT ***************]]>
    </line>
    <line>
      <![CDATA[
]]>
    </line>
    <line>
      <![CDATA[Entered Text 4111111111111111]]>
    </line>
    <line>
      <![CDATA[Entered Text 000]]>
    </line>
    <line>
      <![CDATA[User select 02 value from dropdown]]>
    </line>
    <line>
      <![CDATA[User select 2018 value from dropdown]]>
    </line>
    <line>
      <![CDATA[User Clicks on Next after payment]]>
    </line>
    <line>
      <![CDATA[ASSERT PASSED: element txt_titleCompleteEnroll is displayed.]]>
    </line>
    <line>
      <![CDATA[ACTUAL STRING : Review Your Enrollment]]>
    </line>
    <line>
      <![CDATA[EXPECTED STRING :Review Your Enrollment]]>
    </line>
    <line>
      <![CDATA[String compare Assertion passed.]]>
    </line>
    <line>
      <![CDATA[
]]>
    </line>
    <line>
      <![CDATA[********** TEST METHOD  : - STEP14_USER_VERIFY_SECTIONS_ON_COMPLETE_ENROLLMENT_STEP ***************]]>
    </line>
    <line>
      <![CDATA[
]]>
    </line>
    <line>
      <![CDATA[ASSERT PASSED: element txt_step1Contact is displayed.]]>
    </line>
    <line>
      <![CDATA[ASSERT PASSED: element txt_Step2PaymentPlan is displayed.]]>
    </line>
    <line>
      <![CDATA[ASSERT PASSED: element txt_step3PaymentInfo is displayed.]]>
    </line>
    <line>
      <![CDATA[ASSERT PASSED: element txt_step4Prefrences is displayed.]]>
    </line>
    <line>
      <![CDATA[
]]>
    </line>
    <line>
      <![CDATA[********** TEST METHOD  : - STEP15_VERIFY_PREFERENCE_SECTION_IS_OPEN_BY_DEFAULTAND_SECTIONS_HAS_EXPANDCLOSE_SIGN ***************]]>
    </line>
    <line>
      <![CDATA[
]]>
    </line>
    <line>
      <![CDATA[Assertion Passed : +/- sign for each confirm section is displayed ]]>
    </line>
    <line>
      <![CDATA[ASSERT PASSED: element chkbox_emailOption is displayed.]]>
    </line>
    <line>
      <![CDATA[Assertion Passed : Preference section is open by default]]>
    </line>
    <line>
      <![CDATA[
]]>
    </line>
    <line>
      <![CDATA[********** TEST METHOD  : - STEP16_COMPLETE_ENROLLMENT_STEP_VERIFY_SECTIONS_CAN_BE_EXPANDED_AND_ENTERED_DATA ***************]]>
    </line>
    <line>
      <![CDATA[
]]>
    </line>
    <line>
      <![CDATA[ASSERT PASSED: element lnk_editContactInfo is displayed.]]>
    </line>
    <line>
      <![CDATA[ASSERT PASSED: element txt_confirmFName is visible and Text is Qafmvkehan]]>
    </line>
    <line>
      <![CDATA[ASSERT PASSED: element txt_confirmLName is visible and Text is Qaloujvctov]]>
    </line>
    <line>
      <![CDATA[ASSERT PASSED: element txt_confirmEmail is visible and Text is Q1496152003720@mailinator.com]]>
    </line>
    <line>
      <![CDATA[ASSERT PASSED: element txt_cnfAddress is visible and Text is 429 N Main Ave]]>
    </line>
    <line>
      <![CDATA[ASSERT PASSED: element txt_cnfDOB is visible and Text is 09/09/1990]]>
    </line>
    <line>
      <![CDATA[ASSERT PASSED: element txt_cnfCity is visible and Text is Scranton]]>
    </line>
    <line>
      <![CDATA[ASSERT PASSED: element txt_cnfPhone is displayed.]]>
    </line>
    <line>
      <![CDATA[ASSERT PASSED: element lnk_editPaymentPlan is displayed.]]>
    </line>
    <line>
      <![CDATA[ASSERT PASSED: element txt_paymentPlanConfirm is visible and Text is Full Pay Plan]]>
    </line>
    <line>
      <![CDATA[ASSERT PASSED: element lnk_editPaymentInfo is displayed.]]>
    </line>
    <line>
      <![CDATA[ASSERT PASSED: element txt_confirmCity is visible and Text is Scranton]]>
    </line>
    <line>
      <![CDATA[ASSERT PASSED: element txt_confirmState is visible and Text is PA]]>
    </line>
    <line>
      <![CDATA[ASSERT PASSED: element txt_confirmZip is visible and Text is 18504]]>
    </line>
    <line>
      <![CDATA[ASSERT PASSED: element txt_confirmPaymentMethod is visible and Text is Credit]]>
    </line>
    <line>
      <![CDATA[
]]>
    </line>
    <line>
      <![CDATA[********** TEST METHOD  : - STEP17_USER_VERIFY_PREFERENCES_SECTIONS_ON_COMPLETE_ENROLLMENT_STEP ***************]]>
    </line>
    <line>
      <![CDATA[
]]>
    </line>
    <line>
      <![CDATA[ASSERT PASSED: element chkbox_emailOption is displayed.]]>
    </line>
    <line>
      <![CDATA[ASSERT PASSED: element chkbox_smsOption is displayed.]]>
    </line>
    <line>
      <![CDATA[FAILURE occured at 2017-05-30 09:49:14 EDT]]>
    </line>
    <line>
      <![CDATA[Save Image File Path : C:\Users\cntr_tvishnoi\.jenkins\workspace\Domestic_Smoke_Test\./src/test/resources/Screenshots/\Enroll_Paying_FullPayment_With_CreditCard_Option_Test\2017_05_30_09_49_AM\screenshot.png]]>
    </line>
    <line>
      <![CDATA[
]]>
    </line>
    <line>
      <![CDATA[********** TEST METHOD  : - STEP18_CLICK_ON_ENROLL_BUTTON_AND_VERIFYNOMORE_ENROLLBUTTONISDISPLAYED ***************]]>
    </line>
    <line>
      <![CDATA[
]]>
    </line>
    <line>
      <![CDATA[ASSERT PASSED: element txt_titleElecSign is displayed.]]>
    </line>
    <line>
      <![CDATA[ASSERT PASSED: element txt_titleElecSign is visible and Text is About Your Electronic Signature]]>
    </line>
    <line>
      <![CDATA[Current URL is https://stage.www.pennfoster.edu/enroll/?sh=e&pid=&refURL=https://stage.www.pennfoster.edu/]]>
    </line>
    <line>
      <![CDATA[Assertion Passed : Element prodEnroll is not displayed ]]>
    </line>
    <line>
      <![CDATA[
]]>
    </line>
    <line>
      <![CDATA[********** TEST METHOD  : - STEP18_USER_VERIFY_ABOUT_YOUR_SIGNATURE_STEP_AND_SELECT_ELECTONIC_SIGNATURE ***************]]>
    </line>
    <line>
      <![CDATA[
]]>
    </line>
    <line>
      <![CDATA[ASSERT PASSED: element txt_titleElecSign is displayed.]]>
    </line>
    <line>
      <![CDATA[ASSERT PASSED: element txt_titleElecSign is visible and Text is About Your Electronic Signature]]>
    </line>
    <line>
      <![CDATA[User clicks on Nex button on signature page]]>
    </line>
    <line>
      <![CDATA[
]]>
    </line>
    <line>
      <![CDATA[********** TEST METHOD  : - STEP19_CLICK_ON_CONFIRMDIGITALSIGNLIN_ON_ENROLLMENT_AGREEMENT ***************]]>
    </line>
    <line>
      <![CDATA[
]]>
    </line>
    <line>
      <![CDATA[ASSERT PASSED: element lnk_signLink is displayed.]]>
    </line>
    <line>
      <![CDATA[User clicks on click here to sign link and proceesds to confirmation thank you page]]>
    </line>
    <line>
      <![CDATA[
]]>
    </line>
    <line>
      <![CDATA[********** TEST METHOD  : - STEP20_VERIFY_COMPLETE_YOUR_ENROLLMENT_SCREEN_AND_STUDENTID_HAS_BEEN_GENERATED ***************]]>
    </line>
    <line>
      <![CDATA[
]]>
    </line>
    <line>
      <![CDATA[ASSERT PASSED: element txt_enrollmentConfirmation is displayed.]]>
    </line>
    <line>
      <![CDATA[User is on enrollment thank you page]]>
    </line>
    <line>
      <![CDATA[ASSERT PASSED: element txt_studentId is displayed.]]>
    </line>
    <line>
      <![CDATA[Assertion Passed :Student id is displayed as Highlighted]]>
    </line>
    <line>
      <![CDATA[
]]>
    </line>
    <line>
      <![CDATA[********** TEST METHOD  : - STEP21_VERIFYSTUDENT_ENROLMENTDATA_USING_API ***************]]>
    </line>
    <line>
      <![CDATA[
]]>
    </line>
    <line>
      <![CDATA[Assertion Passed : data: - StudentId is correct]]>
    </line>
    <line>
      <![CDATA[Assertion Passed : data: - FName is correct]]>
    </line>
    <line>
      <![CDATA[Assertion Passed : data: - LName is correct]]>
    </line>
    <line>
      <![CDATA[Assertion Passed : data: - Address1 is correct]]>
    </line>
    <line>
      <![CDATA[Assertion Passed : data: - City is correct]]>
    </line>
    <line>
      <![CDATA[Assertion Passed : data: - State is correct]]>
    </line>
    <line>
      <![CDATA[Assertion Passed : data: - Zip is correct]]>
    </line>
    <line>
      <![CDATA[Assertion Passed : data: - BirthDate is correct]]>
    </line>
    <line>
      <![CDATA[Assertion Passed : data: - EmailAddress is correct]]>
    </line>
    <line>
      <![CDATA[Assertion Passed : data: - PhoneNumber is correct]]>
    </line>
    <line>
      <![CDATA[FAILURE occured at 2017-05-30 09:50:32 EDT]]>
    </line>
    <line>
      <![CDATA[Save Image File Path : C:\Users\cntr_tvishnoi\.jenkins\workspace\Domestic_Smoke_Test\./src/test/resources/Screenshots/\Enroll_Paying_FullPayment_With_CreditCard_Option_Test\2017_05_30_09_50_AM\screenshot.png]]>
    </line>
    <line>
      <![CDATA[Env is : STAGE]]>
    </line>
    <line>
      <![CDATA[
]]>
    </line>
    <line>
      <![CDATA[############## TEST CLASS STARTED : - ENROLL_PAYING_FULLPAYMENT_USING_SAVINGSACCOUNT_OPTION_TEST ####################]]>
    </line>
    <line>
      <![CDATA[
]]>
    </line>
    <line>
      <![CDATA[
]]>
    </line>
    <line>
      <![CDATA[********** TEST METHOD  : - STEP01_USER_LAUNCHES_APPLICATION ***************]]>
    </line>
    <line>
      <![CDATA[
]]>
    </line>
    <line>
      <![CDATA[The test browser is :- Chrome
]]>
    </line>
    <line>
      <![CDATA[
The application url is :- https://stage.www.pennfoster.edu/]]>
    </line>
    <line>
      <![CDATA[
]]>
    </line>
    <line>
      <![CDATA[********** TEST METHOD  : - STEP02_USER_CLICKS_ON_ENROLL_LINKS_AND_NAVIGATE_TO_ENROLL_PRODUCTPAGE ***************]]>
    </line>
    <line>
      <![CDATA[
]]>
    </line>
    <line>
      <![CDATA[https://stage.www.pennfoster.edu/]]>
    </line>
    <line>
      <![CDATA[ASSERT PASSED: PageTitle for Accredited College, High School & Career School Online | Penn Foster contains: 'Accredited College, High School & Career School Online | Penn Foster'.]]>
    </line>
    <line>
      <![CDATA[ASSERT PASSED: element img_logo is displayed.]]>
    </line>
    <line>
      <![CDATA[User Clicks on Enroll Button]]>
    </line>
    <line>
      <![CDATA[
]]>
    </line>
    <line>
      <![CDATA[********** TEST METHOD  : - STEP03_USER_VERIFY_FIELDS_ON_STEP_ONE ***************]]>
    </line>
    <line>
      <![CDATA[
]]>
    </line>
    <line>
      <![CDATA[ASSERT PASSED: element txt_step1 is displayed.]]>
    </line>
    <line>
      <![CDATA[ACTUAL STRING : Enroll Now in 4 Easy Steps]]>
    </line>
    <line>
      <![CDATA[EXPECTED STRING :Enroll Now in 4 Easy Steps]]>
    </line>
    <line>
      <![CDATA[String compare Assertion passed.]]>
    </line>
    <line>
      <![CDATA[ASSERT PASSED: element input_fName is displayed.]]>
    </line>
    <line>
      <![CDATA[ASSERT PASSED: element input_lastName is displayed.]]>
    </line>
    <line>
      <![CDATA[ASSERT PASSED: element input_email is displayed.]]>
    </line>
    <line>
      <![CDATA[ASSERT PASSED: element input_zipCode is displayed.]]>
    </line>
    <line>
      <![CDATA[ASSERT PASSED: element drpdwn_hearAboutus is displayed.]]>
    </line>
    <line>
      <![CDATA[ASSERT PASSED: element img_progressStep1 is displayed.]]>
    </line>
    <line>
      <![CDATA[
]]>
    </line>
    <line>
      <![CDATA[********** TEST METHOD  : - STEP05_USER_ENTERED_STUDENT_INFORMATION_ON_STEP1_AND_NAVIGATE_TO_STEP2 ***************]]>
    </line>
    <line>
      <![CDATA[
]]>
    </line>
    <line>
      <![CDATA[User select High School Diploma value from dropdown]]>
    </line>
    <line>
      <![CDATA[User Select HIGH SCHOOL DIPLOMA from dropdown]]>
    </line>
    <line>
      <![CDATA[Entered Text Qafntnxpwb]]>
    </line>
    <line>
      <![CDATA[Entered Text Qalffjhthbt]]>
    </line>
    <line>
      <![CDATA[Entered Text Q1496152236928@mailinator.com]]>
    </line>
    <line>
      <![CDATA[Entered Text Q1496152236928@mailinator.com]]>
    </line>
    <line>
      <![CDATA[User select Online Textbooks (Immediate access) value from dropdown]]>
    </line>
    <line>
      <![CDATA[Entered Text 18503]]>
    </line>
    <line>
      <![CDATA[ASSERT PASSED: element img_nextOnStep1 is displayed.]]>
    </line>
    <line>
      <![CDATA[USer Clicks on Next on step1]]>
    </line>
    <line>
      <![CDATA[
]]>
    </line>
    <line>
      <![CDATA[********** TEST METHOD  : - STEP06_USER_VERIFY_FIELDS_ON_STEP2_AND_ENTERED_CONTACT_DETAILS ***************]]>
    </line>
    <line>
      <![CDATA[
]]>
    </line>
    <line>
      <![CDATA[ASSERT PASSED: element txt_step2 is displayed.]]>
    </line>
    <line>
      <![CDATA[ACTUAL STRING : Enter Contact Information]]>
    </line>
    <line>
      <![CDATA[EXPECTED STRING :Enter Contact Information]]>
    </line>
    <line>
      <![CDATA[String compare Assertion passed.]]>
    </line>
    <line>
      <![CDATA[ASSERT PASSED: element input_address1 is displayed.]]>
    </line>
    <line>
      <![CDATA[ASSERT PASSED: element input_address2 is displayed.]]>
    </line>
    <line>
      <![CDATA[ASSERT PASSED: element input_phonenumber is displayed.]]>
    </line>
    <line>
      <![CDATA[ASSERT PASSED: element radiobtn_mobile is displayed.]]>
    </line>
    <line>
      <![CDATA[ASSERT PASSED: element radiobtn_phone is displayed.]]>
    </line>
    <line>
      <![CDATA[ASSERT PASSED: element drpdwn_gender is displayed.]]>
    </line>
    <line>
      <![CDATA[ASSERT PASSED: element input_dob is displayed.]]>
    </line>
    <line>
      <![CDATA[ASSERT PASSED: element drpdwn_highestEducation is displayed.]]>
    </line>
    <line>
      <![CDATA[ASSERT PASSED: element input_zipStep2 is displayed.]]>
    </line>
    <line>
      <![CDATA[ASSERT PASSED: element drpdwn_stateStep2 is displayed.]]>
    </line>
    <line>
      <![CDATA[ASSERT PASSED: element input_cityStep2 is displayed.]]>
    </line>
    <line>
      <![CDATA[ASSERT PASSED: element image_step2Submit is displayed.]]>
    </line>
    <line>
      <![CDATA[Assertion Passed : zipcode is correct]]>
    </line>
    <line>
      <![CDATA[Assertion Passed : city and state value is correct]]>
    </line>
    <line>
      <![CDATA[Entered Text 349 Adams Ave]]>
    </line>
    <line>
      <![CDATA[Entered Text 8888821997]]>
    </line>
    <line>
      <![CDATA[User select Male value from dropdown]]>
    </line>
    <line>
      <![CDATA[Entered Text 09/09/1990]]>
    </line>
    <line>
      <![CDATA[User select Bachelor's Degree value from dropdown]]>
    </line>
    <line>
      <![CDATA[ASSERT PASSED: element image_step2Submit is displayed.]]>
    </line>
    <line>
      <![CDATA[
]]>
    </line>
    <line>
      <![CDATA[********** TEST METHOD  : - STEP07_USER_NAVIGATE_TO_PAYMENTPLAN_STEP3_AND_VERIFY_ALL_PAYMENT_PLANS ***************]]>
    </line>
    <line>
      <![CDATA[
]]>
    </line>
    <line>
      <![CDATA[ASSERT PASSED: element txt_titlePaymentPlan is displayed.]]>
    </line>
    <line>
      <![CDATA[ACTUAL STRING : Select your payment plan]]>
    </line>
    <line>
      <![CDATA[EXPECTED STRING :Select your payment plan]]>
    </line>
    <line>
      <![CDATA[String compare Assertion passed.]]>
    </line>
    <line>
      <![CDATA[ASSERT PASSED: element lnk_fullPay is displayed.]]>
    </line>
    <line>
      <![CDATA[ASSERT PASSED: element lnk_monthlyPay is displayed.]]>
    </line>
    <line>
      <![CDATA[ASSERT PASSED: element lnk_payByMail is displayed.]]>
    </line>
    <line>
      <![CDATA[
]]>
    </line>
    <line>
      <![CDATA[********** TEST METHOD  : - STEP08_USER_SELECT_FULL_PAYMENT_METHOD_PLANS_VERIFY_PAYMENT_SUMMARY_BESTOFFER ***************]]>
    </line>
    <line>
      <![CDATA[
]]>
    </line>
    <line>
      <![CDATA[ASSERT PASSED: element txt_totalPayableAmount is displayed.]]>
    </line>
    <line>
      <![CDATA[ASSERT PASSED: element txt_bestOfferFullpay is visible and Text is By paying in full today you save]]>
    </line>
    <line>
      <![CDATA[ASSERT PASSED: element txt_summary is displayed.]]>
    </line>
    <line>
      <![CDATA[Assertion Passed : Element slider_monthlyPayment is not displayed ]]>
    </line>
    <line>
      <![CDATA[Assertion Passed : Element slider_downPayment is not displayed ]]>
    </line>
    <line>
      <![CDATA[Assertion Passed : Payment Summary is correct, payable amount is 949 after discount 366]]>
    </line>
    <line>
      <![CDATA[
]]>
    </line>
    <line>
      <![CDATA[********** TEST METHOD  : - STEP09_SELECT_FULL_PAYMENT_METHOD_AND_NAVIGATE_TO_PAYMENT_METHOD_STEP4 ***************]]>
    </line>
    <line>
      <![CDATA[
]]>
    </line>
    <line>
      <![CDATA[user click next on payment plan]]>
    </line>
    <line>
      <![CDATA[ASSERT PASSED: element txt_titlePaymentMethod is displayed.]]>
    </line>
    <line>
      <![CDATA[ACTUAL STRING : Select Your Payment Method]]>
    </line>
    <line>
      <![CDATA[EXPECTED STRING :Select Your Payment Method]]>
    </line>
    <line>
      <![CDATA[String compare Assertion passed.]]>
    </line>
    <line>
      <![CDATA[ASSERT PASSED: element txt_titlePaymentMethod is displayed.]]>
    </line>
    <line>
      <![CDATA[ACTUAL STRING : Select Your Payment Method]]>
    </line>
    <line>
      <![CDATA[EXPECTED STRING :Select Your Payment Method]]>
    </line>
    <line>
      <![CDATA[String compare Assertion passed.]]>
    </line>
    <line>
      <![CDATA[
]]>
    </line>
    <line>
      <![CDATA[********** TEST METHOD  : - STEP10_VERIFY_ALL_PAYMENT_METHODS_DISPLAYED_AND_SELECT_CREDIT_CARD_PAYMENT_OPTION ***************]]>
    </line>
    <line>
      <![CDATA[
]]>
    </line>
    <line>
      <![CDATA[ASSERT PASSED: element lnk_debitCredit is displayed.]]>
    </line>
    <line>
      <![CDATA[ASSERT PASSED: element lnk_checkingSavings is displayed.]]>
    </line>
    <line>
      <![CDATA[ASSERT PASSED: element lnk_PayPal is displayed.]]>
    </line>
    <line>
      <![CDATA[ASSERT PASSED: element txt_savingPlan is displayed.]]>
    </line>
    <line>
      <![CDATA[
]]>
    </line>
    <line>
      <![CDATA[********** TEST METHOD  : - STEP12_VERIFY_PREPAIDCARD_CHECKBOX ***************]]>
    </line>
    <line>
      <![CDATA[
]]>
    </line>
    <line>
      <![CDATA[Assertion Passed :  On selecting Saving/Checking option , it got highlighted]]>
    </line>
    <line>
      <![CDATA[
]]>
    </line>
    <line>
      <![CDATA[********** TEST METHOD  : - STEP13_ENTER_CREDITORDEBITCARD_DETAILS_AND_NAVIGATE_TO_STEP5_COMPLETE_ENROLLMENT ***************]]>
    </line>
    <line>
      <![CDATA[
]]>
    </line>
    <line>
      <![CDATA[User select Savings value from dropdown]]>
    </line>
    <line>
      <![CDATA[Entered Text 031300135]]>
    </line>
    <line>
      <![CDATA[Entered Text 123456789]]>
    </line>
    <line>
      <![CDATA[User Clicks on Next after payment]]>
    </line>
    <line>
      <![CDATA[ASSERT PASSED: element txt_titleCompleteEnroll is displayed.]]>
    </line>
    <line>
      <![CDATA[ACTUAL STRING : Review Your Enrollment]]>
    </line>
    <line>
      <![CDATA[EXPECTED STRING :Review Your Enrollment]]>
    </line>
    <line>
      <![CDATA[String compare Assertion passed.]]>
    </line>
    <line>
      <![CDATA[
]]>
    </line>
    <line>
      <![CDATA[********** TEST METHOD  : - STEP14_USER_VERIFY_SECTIONS_ON_COMPLETE_ENROLLMENT_STEP ***************]]>
    </line>
    <line>
      <![CDATA[
]]>
    </line>
    <line>
      <![CDATA[ASSERT PASSED: element txt_step1Contact is displayed.]]>
    </line>
    <line>
      <![CDATA[ASSERT PASSED: element txt_Step2PaymentPlan is displayed.]]>
    </line>
    <line>
      <![CDATA[ASSERT PASSED: element txt_step3PaymentInfo is displayed.]]>
    </line>
    <line>
      <![CDATA[ASSERT PASSED: element txt_step4Prefrences is displayed.]]>
    </line>
    <line>
      <![CDATA[
]]>
    </line>
    <line>
      <![CDATA[********** TEST METHOD  : - STEP15_VERIFY_PREFERENCE_SECTION_IS_OPEN_BY_DEFAULTAND_SECTIONS_HAS_EXPANDCLOSE_SIGN ***************]]>
    </line>
    <line>
      <![CDATA[
]]>
    </line>
    <line>
      <![CDATA[Assertion Passed : +/- sign for each confirm section is displayed ]]>
    </line>
    <line>
      <![CDATA[ASSERT PASSED: element chkbox_emailOption is displayed.]]>
    </line>
    <line>
      <![CDATA[Assertion Passed : Preference section is open by default]]>
    </line>
    <line>
      <![CDATA[
]]>
    </line>
    <line>
      <![CDATA[********** TEST METHOD  : - STEP16_COMPLETE_ENROLLMENT_STEP_VERIFY_SECTIONS_CAN_BE_EXPANDED_AND_ENTERED_DATA ***************]]>
    </line>
    <line>
      <![CDATA[
]]>
    </line>
    <line>
      <![CDATA[ASSERT PASSED: element lnk_editContactInfo is displayed.]]>
    </line>
    <line>
      <![CDATA[ASSERT PASSED: element txt_confirmFName is visible and Text is Qafntnxpwb]]>
    </line>
    <line>
      <![CDATA[ASSERT PASSED: element txt_confirmLName is visible and Text is Qalffjhthbt]]>
    </line>
    <line>
      <![CDATA[ASSERT PASSED: element txt_confirmEmail is visible and Text is Q1496152236928@mailinator.com]]>
    </line>
    <line>
      <![CDATA[ASSERT PASSED: element txt_cnfAddress is visible and Text is 349 Adams Ave]]>
    </line>
    <line>
      <![CDATA[ASSERT PASSED: element txt_cnfDOB is visible and Text is 09/09/1990]]>
    </line>
    <line>
      <![CDATA[ASSERT PASSED: element txt_cnfCity is visible and Text is Scranton]]>
    </line>
    <line>
      <![CDATA[ASSERT PASSED: element txt_cnfPhone is displayed.]]>
    </line>
    <line>
      <![CDATA[ASSERT PASSED: element lnk_editPaymentPlan is displayed.]]>
    </line>
    <line>
      <![CDATA[ASSERT PASSED: element txt_paymentPlanConfirm is visible and Text is Full Pay Plan]]>
    </line>
    <line>
      <![CDATA[ASSERT PASSED: element lnk_editPaymentInfo is displayed.]]>
    </line>
    <line>
      <![CDATA[ASSERT PASSED: element txt_confirmPaymentMethod is visible and Text is Checking / Savings Account]]>
    </line>
    <line>
      <![CDATA[
]]>
    </line>
    <line>
      <![CDATA[********** TEST METHOD  : - STEP17_USER_VERIFY_PREFERENCES_SECTIONS_ON_COMPLETE_ENROLLMENT_STEP ***************]]>
    </line>
    <line>
      <![CDATA[
]]>
    </line>
    <line>
      <![CDATA[ASSERT PASSED: element chkbox_emailOption is displayed.]]>
    </line>
    <line>
      <![CDATA[ASSERT PASSED: element chkbox_smsOption is displayed.]]>
    </line>
    <line>
      <![CDATA[FAILURE occured at 2017-05-30 09:51:55 EDT]]>
    </line>
    <line>
      <![CDATA[Save Image File Path : C:\Users\cntr_tvishnoi\.jenkins\workspace\Domestic_Smoke_Test\./src/test/resources/Screenshots/\Enroll_Paying_FullPayment_Using_SavingsAccount_Option_Test\2017_05_30_09_51_AM\screenshot.png]]>
    </line>
    <line>
      <![CDATA[
]]>
    </line>
    <line>
      <![CDATA[********** TEST METHOD  : - STEP18_CLICK_ON_ENROLL_BUTTON_AND_VERIFYNOMORE_ENROLLBUTTONISDISPLAYED ***************]]>
    </line>
    <line>
      <![CDATA[
]]>
    </line>
    <line>
      <![CDATA[ASSERT PASSED: element txt_titleElecSign is displayed.]]>
    </line>
    <line>
      <![CDATA[ASSERT PASSED: element txt_titleElecSign is visible and Text is About Your Electronic Signature]]>
    </line>
    <line>
      <![CDATA[Current URL is https://stage.www.pennfoster.edu/enroll/?sh=e&pid=&refURL=https://stage.www.pennfoster.edu/]]>
    </line>
    <line>
      <![CDATA[Assertion Passed : Element prodEnroll is not displayed ]]>
    </line>
    <line>
      <![CDATA[
]]>
    </line>
    <line>
      <![CDATA[********** TEST METHOD  : - STEP19_USER_VERIFY_ABOUT_YOUR_SIGNATURE_STEP_AND_NAVIGATE_FURTHER ***************]]>
    </line>
    <line>
      <![CDATA[
]]>
    </line>
    <line>
      <![CDATA[ASSERT PASSED: element txt_titleElecSign is displayed.]]>
    </line>
    <line>
      <![CDATA[ASSERT PASSED: element txt_titleElecSign is visible and Text is About Your Electronic Signature]]>
    </line>
    <line>
      <![CDATA[User clicks on Nex button on signature page]]>
    </line>
    <line>
      <![CDATA[
]]>
    </line>
    <line>
      <![CDATA[********** TEST METHOD  : - STEP20_CLICK_ON_CONFIRMDIGITALSIGNLINK ***************]]>
    </line>
    <line>
      <![CDATA[
]]>
    </line>
    <line>
      <![CDATA[ASSERT PASSED: element lnk_signLink is displayed.]]>
    </line>
    <line>
      <![CDATA[User clicks on click here to sign link and proceesds to confirmation thank you page]]>
    </line>
    <line>
      <![CDATA[
]]>
    </line>
    <line>
      <![CDATA[********** TEST METHOD  : - STEP21_VERIFY_COMPLETE_YOUR_ENROLLMENT_SCREEN_AND_STUDENTID_HAS_BEEN_GENERATED ***************]]>
    </line>
    <line>
      <![CDATA[
]]>
    </line>
    <line>
      <![CDATA[ASSERT PASSED: element txt_enrollmentConfirmation is displayed.]]>
    </line>
    <line>
      <![CDATA[User is on enrollment thank you page]]>
    </line>
    <line>
      <![CDATA[ASSERT PASSED: element txt_studentId is displayed.]]>
    </line>
    <line>
      <![CDATA[Assertion Passed :Student id is displayed as Highlighted]]>
    </line>
    <line>
      <![CDATA[
]]>
    </line>
    <line>
      <![CDATA[********** TEST METHOD  : - STEP22_VERIFYSTUDENT_ENROLMENTDATA_THROOUGH_API ***************]]>
    </line>
    <line>
      <![CDATA[
]]>
    </line>
    <line>
      <![CDATA[Assertion Passed : data: - StudentId is correct]]>
    </line>
    <line>
      <![CDATA[Assertion Passed : data: - FName is correct]]>
    </line>
    <line>
      <![CDATA[Assertion Passed : data: - LName is correct]]>
    </line>
    <line>
      <![CDATA[Assertion Passed : data: - Address1 is correct]]>
    </line>
    <line>
      <![CDATA[Assertion Passed : data: - City is correct]]>
    </line>
    <line>
      <![CDATA[Assertion Passed : data: - State is correct]]>
    </line>
    <line>
      <![CDATA[Assertion Passed : data: - Zip is correct]]>
    </line>
    <line>
      <![CDATA[Assertion Passed : data: - BirthDate is correct]]>
    </line>
    <line>
      <![CDATA[Assertion Passed : data: - EmailAddress is correct]]>
    </line>
    <line>
      <![CDATA[Assertion Passed : data: - PhoneNumber is correct]]>
    </line>
    <line>
      <![CDATA[FAILURE occured at 2017-05-30 09:52:56 EDT]]>
    </line>
    <line>
      <![CDATA[Save Image File Path : C:\Users\cntr_tvishnoi\.jenkins\workspace\Domestic_Smoke_Test\./src/test/resources/Screenshots/\Enroll_Paying_FullPayment_Using_SavingsAccount_Option_Test\2017_05_30_09_52_AM\screenshot.png]]>
    </line>
    <line>
      <![CDATA[Env is : STAGE]]>
    </line>
    <line>
      <![CDATA[
]]>
    </line>
    <line>
      <![CDATA[############## TEST CLASS STARTED : - ENROLL_PAYING_MONTHLYPAYMENT_USING_SAVINGACCOUNT_OPTION_TEST ####################]]>
    </line>
    <line>
      <![CDATA[
]]>
    </line>
    <line>
      <![CDATA[
]]>
    </line>
    <line>
      <![CDATA[********** TEST METHOD  : - STEP01_USER_LAUNCHES_APPLICATION ***************]]>
    </line>
    <line>
      <![CDATA[
]]>
    </line>
    <line>
      <![CDATA[The test browser is :- Chrome
]]>
    </line>
    <line>
      <![CDATA[
The application url is :- https://stage.www.pennfoster.edu/]]>
    </line>
    <line>
      <![CDATA[
]]>
    </line>
    <line>
      <![CDATA[********** TEST METHOD  : - STEP02_USER_CLICKS_ON_ENROLL_LINKS_AND_NAVIGATE_TO_ENROLL_PRODUCTPAGE ***************]]>
    </line>
    <line>
      <![CDATA[
]]>
    </line>
    <line>
      <![CDATA[https://stage.www.pennfoster.edu/]]>
    </line>
    <line>
      <![CDATA[ASSERT PASSED: PageTitle for Accredited College, High School & Career School Online | Penn Foster contains: 'Accredited College, High School & Career School Online | Penn Foster'.]]>
    </line>
    <line>
      <![CDATA[ASSERT PASSED: element img_logo is displayed.]]>
    </line>
    <line>
      <![CDATA[User Clicks on Enroll Button]]>
    </line>
    <line>
      <![CDATA[
]]>
    </line>
    <line>
      <![CDATA[********** TEST METHOD  : - STEP03_USER_VERIFY_FIELDS_ON_STEP_ONE_AND_ENTER_STUDENT_PERSONAL_INFORMATION ***************]]>
    </line>
    <line>
      <![CDATA[
]]>
    </line>
    <line>
      <![CDATA[ASSERT PASSED: element input_fName is displayed.]]>
    </line>
    <line>
      <![CDATA[ASSERT PASSED: element input_lastName is displayed.]]>
    </line>
    <line>
      <![CDATA[ASSERT PASSED: element input_email is displayed.]]>
    </line>
    <line>
      <![CDATA[ASSERT PASSED: element input_zipCode is displayed.]]>
    </line>
    <line>
      <![CDATA[ASSERT PASSED: element drpdwn_hearAboutus is displayed.]]>
    </line>
    <line>
      <![CDATA[ASSERT PASSED: element img_progressStep1 is displayed.]]>
    </line>
    <line>
      <![CDATA[User select High School Diploma value from dropdown]]>
    </line>
    <line>
      <![CDATA[User Select HIGH SCHOOL DIPLOMA from dropdown]]>
    </line>
    <line>
      <![CDATA[Entered Text Qafdyogpjv]]>
    </line>
    <line>
      <![CDATA[Entered Text Qalwrcmujkh]]>
    </line>
    <line>
      <![CDATA[Entered Text Q1496152388653@mailinator.com]]>
    </line>
    <line>
      <![CDATA[Entered Text Q1496152388653@mailinator.com]]>
    </line>
    <line>
      <![CDATA[User select Online Textbooks (Immediate access) value from dropdown]]>
    </line>
    <line>
      <![CDATA[Entered Text 18504]]>
    </line>
    <line>
      <![CDATA[ASSERT PASSED: element img_nextOnStep1 is displayed.]]>
    </line>
    <line>
      <![CDATA[USer Clicks on Next on step1]]>
    </line>
    <line>
      <![CDATA[
]]>
    </line>
    <line>
      <![CDATA[********** TEST METHOD  : - STEP04_USER_NAVIGATE_TO_STEP2_AND_ENTER_STUDENT_CONTACT_DETAILS ***************]]>
    </line>
    <line>
      <![CDATA[
]]>
    </line>
    <line>
      <![CDATA[ASSERT PASSED: element txt_step2 is displayed.]]>
    </line>
    <line>
      <![CDATA[ACTUAL STRING : Enter Contact Information]]>
    </line>
    <line>
      <![CDATA[EXPECTED STRING :Enter Contact Information]]>
    </line>
    <line>
      <![CDATA[String compare Assertion passed.]]>
    </line>
    <line>
      <![CDATA[ASSERT PASSED: element input_address1 is displayed.]]>
    </line>
    <line>
      <![CDATA[ASSERT PASSED: element input_address2 is displayed.]]>
    </line>
    <line>
      <![CDATA[ASSERT PASSED: element input_phonenumber is displayed.]]>
    </line>
    <line>
      <![CDATA[ASSERT PASSED: element radiobtn_mobile is displayed.]]>
    </line>
    <line>
      <![CDATA[ASSERT PASSED: element radiobtn_phone is displayed.]]>
    </line>
    <line>
      <![CDATA[ASSERT PASSED: element drpdwn_gender is displayed.]]>
    </line>
    <line>
      <![CDATA[ASSERT PASSED: element input_dob is displayed.]]>
    </line>
    <line>
      <![CDATA[ASSERT PASSED: element drpdwn_highestEducation is displayed.]]>
    </line>
    <line>
      <![CDATA[ASSERT PASSED: element input_zipStep2 is displayed.]]>
    </line>
    <line>
      <![CDATA[ASSERT PASSED: element drpdwn_stateStep2 is displayed.]]>
    </line>
    <line>
      <![CDATA[ASSERT PASSED: element input_cityStep2 is displayed.]]>
    </line>
    <line>
      <![CDATA[ASSERT PASSED: element image_step2Submit is displayed.]]>
    </line>
    <line>
      <![CDATA[Assertion Passed : zipcode is correct]]>
    </line>
    <line>
      <![CDATA[Assertion Passed : city and state value is correct]]>
    </line>
    <line>
      <![CDATA[Entered Text 429 N Main Ave]]>
    </line>
    <line>
      <![CDATA[Entered Text 8003527550]]>
    </line>
    <line>
      <![CDATA[User select Male value from dropdown]]>
    </line>
    <line>
      <![CDATA[Entered Text 09/09/1990]]>
    </line>
    <line>
      <![CDATA[User select Bachelor's Degree value from dropdown]]>
    </line>
    <line>
      <![CDATA[ASSERT PASSED: element image_step2Submit is displayed.]]>
    </line>
    <line>
      <![CDATA[
]]>
    </line>
    <line>
      <![CDATA[********** TEST METHOD  : - STEP05_STUDENT_NAVIGATE_TO_PAYMENTPLANSTEP_AND_SELECT_MONTHLY_PLAN ***************]]>
    </line>
    <line>
      <![CDATA[
]]>
    </line>
    <line>
      <![CDATA[ASSERT PASSED: element txt_titlePaymentPlan is displayed.]]>
    </line>
    <line>
      <![CDATA[ACTUAL STRING : Select your payment plan]]>
    </line>
    <line>
      <![CDATA[EXPECTED STRING :Select your payment plan]]>
    </line>
    <line>
      <![CDATA[String compare Assertion passed.]]>
    </line>
    <line>
      <![CDATA[User select Monthly Plan]]>
    </line>
    <line>
      <![CDATA[Assertion Passed :  On selecting Monthly Payment option , it got highlighted]]>
    </line>
    <line>
      <![CDATA[
]]>
    </line>
    <line>
      <![CDATA[********** TEST METHOD  : - STEP06_SELECT_DOWNPAYMENT_AND_MONTHLYPAYMENTAMOUNT ***************]]>
    </line>
    <line>
      <![CDATA[
]]>
    </line>
    <line>
      <![CDATA[ASSERT PASSED: element slider_monthlyPayment is displayed.]]>
    </line>
    <line>
      <![CDATA[ASSERT PASSED: element slider_downPayment is displayed.]]>
    </line>
    <line>
      <![CDATA[Assertion Passed : User slided Monthly payment slider successfully , now position is at width: 23.1275%; overflow: hidden;]]>
    </line>
    <line>
      <![CDATA[Assertion Passed : Down payment 451 is shown correctly in summary section]]>
    </line>
    <line>
      <![CDATA[Assertion Passed : User slided down payment slider successfully , now position is at width: 50%;]]>
    </line>
    <line>
      <![CDATA[Assertion Passed : Montly 109 payment is shown correctly in summary section]]>
    </line>
    <line>
      <![CDATA[ASSERT PASSED: element txt_numberOfMonthlyPayment is displayed.]]>
    </line>
    <line>
      <![CDATA[Assertion Passed : Payment Summary is correct, payable amount is 1219 after discount 96]]>
    </line>
    <line>
      <![CDATA[ASSERT PASSED: element finalPaymentAmount is displayed.]]>
    </line>
    <line>
      <![CDATA[
]]>
    </line>
    <line>
      <![CDATA[********** TEST METHOD  : - STEP07_VERIFY_SAVEMONEY_MESSAGE_ON_MONTHLYPLAN_SCREEN ***************]]>
    </line>
    <line>
      <![CDATA[
]]>
    </line>
    <line>
      <![CDATA[ASSERT PASSED: element txt_savingMessage is displayed.]]>
    </line>
    <line>
      <![CDATA[ASSERT PASSED: element txt_savingMessage is visible and Text is Choose full pay to save]]>
    </line>
    <line>
      <![CDATA[
]]>
    </line>
    <line>
      <![CDATA[********** TEST METHOD  : - STEP08_USER_NAVIGATE_TO_PAYMENTMETHOD_AND_SELECT_PAYBYSAVING_ACCOUNTOPTION ***************]]>
    </line>
    <line>
      <![CDATA[
]]>
    </line>
    <line>
      <![CDATA[user click next on payment plan]]>
    </line>
    <line>
      <![CDATA[ASSERT PASSED: element txt_titlePaymentMethod is displayed.]]>
    </line>
    <line>
      <![CDATA[ACTUAL STRING : Select Your Payment Method]]>
    </line>
    <line>
      <![CDATA[EXPECTED STRING :Select Your Payment Method]]>
    </line>
    <line>
      <![CDATA[String compare Assertion passed.]]>
    </line>
    <line>
      <![CDATA[ASSERT PASSED: element txt_titlePaymentMethod is displayed.]]>
    </line>
    <line>
      <![CDATA[ACTUAL STRING : Select Your Payment Method]]>
    </line>
    <line>
      <![CDATA[EXPECTED STRING :Select Your Payment Method]]>
    </line>
    <line>
      <![CDATA[String compare Assertion passed.]]>
    </line>
    <line>
      <![CDATA[ASSERT PASSED: element txt_savingPlan is displayed.]]>
    </line>
    <line>
      <![CDATA[ASSERT PASSED: element drpdwn_accountType is displayed.]]>
    </line>
    <line>
      <![CDATA[ASSERT PASSED: element input_routingNumber is displayed.]]>
    </line>
    <line>
      <![CDATA[ASSERT PASSED: element input_accountNumber is displayed.]]>
    </line>
    <line>
      <![CDATA[
]]>
    </line>
    <line>
      <![CDATA[********** TEST METHOD  : - STEP10_VERIFY_ROUTING_AND_ACCOUNT_NUMBER_TOOLTIP ***************]]>
    </line>
    <line>
      <![CDATA[
]]>
    </line>
    <line>
      <![CDATA[ASSERT PASSED: element image_checkToolTip is displayed.]]>
    </line>
    <line>
      <![CDATA[ASSERT PASSED: element image_checkToolTip is displayed.]]>
    </line>
    <line>
      <![CDATA[
]]>
    </line>
    <line>
      <![CDATA[********** TEST METHOD  : - STEP11_SELECT_MONTLYPAYMENT_DATE_AND_ENTER_ACCOUNTDETAILS ***************]]>
    </line>
    <line>
      <![CDATA[
]]>
    </line>
    <line>
      <![CDATA[ASSERT PASSED: element txt_withdrawnDate is displayed.]]>
    </line>
    <line>
      <![CDATA[User select Savings value from dropdown]]>
    </line>
    <line>
      <![CDATA[Entered Text 031300135]]>
    </line>
    <line>
      <![CDATA[Entered Text 123456789]]>
    </line>
    <line>
      <![CDATA[
]]>
    </line>
    <line>
      <![CDATA[********** TEST METHOD  : - STEP12_USER_NAVIGATE_TO_COMPLETE_ENROLLMENT_STEP5_AND_VERIFY_SECTIONS_IS_DISPLAYED ***************]]>
    </line>
    <line>
      <![CDATA[
]]>
    </line>
    <line>
      <![CDATA[User Clicks on Next after payment]]>
    </line>
    <line>
      <![CDATA[ASSERT PASSED: element txt_titleCompleteEnroll is displayed.]]>
    </line>
    <line>
      <![CDATA[ACTUAL STRING : Review Your Enrollment]]>
    </line>
    <line>
      <![CDATA[EXPECTED STRING :Review Your Enrollment]]>
    </line>
    <line>
      <![CDATA[String compare Assertion passed.]]>
    </line>
    <line>
      <![CDATA[ASSERT PASSED: element txt_step1Contact is displayed.]]>
    </line>
    <line>
      <![CDATA[ASSERT PASSED: element txt_Step2PaymentPlan is displayed.]]>
    </line>
    <line>
      <![CDATA[ASSERT PASSED: element txt_step3PaymentInfo is displayed.]]>
    </line>
    <line>
      <![CDATA[ASSERT PASSED: element txt_step4Prefrences is displayed.]]>
    </line>
    <line>
      <![CDATA[
]]>
    </line>
    <line>
      <![CDATA[********** TEST METHOD  : - STEP13_VERIFY_PREFERENCE_SECTION_IS_OPEN_BY_DEFAULT ***************]]>
    </line>
    <line>
      <![CDATA[
]]>
    </line>
    <line>
      <![CDATA[ASSERT PASSED: element chkbox_emailOption is displayed.]]>
    </line>
    <line>
      <![CDATA[Assertion Passed : Preference section is open by default]]>
    </line>
    <line>
      <![CDATA[
]]>
    </line>
    <line>
      <![CDATA[********** TEST METHOD  : - STEP14_VERIFY_ALL_CONFIRM_CAN_EXPANDABLE_AND_THEIR_ENTERED_DATA ***************]]>
    </line>
    <line>
      <![CDATA[
]]>
    </line>
    <line>
      <![CDATA[Assertion Passed : +/- sign for each confirm section is displayed ]]>
    </line>
    <line>
      <![CDATA[ASSERT PASSED: element lnk_editContactInfo is displayed.]]>
    </line>
    <line>
      <![CDATA[ASSERT PASSED: element txt_confirmFName is visible and Text is Qafdyogpjv]]>
    </line>
    <line>
      <![CDATA[ASSERT PASSED: element txt_confirmLName is visible and Text is Qalwrcmujkh]]>
    </line>
    <line>
      <![CDATA[ASSERT PASSED: element txt_confirmEmail is visible and Text is Q1496152388653@mailinator.com]]>
    </line>
    <line>
      <![CDATA[ASSERT PASSED: element txt_cnfAddress is visible and Text is 429 N Main Ave]]>
    </line>
    <line>
      <![CDATA[ASSERT PASSED: element txt_cnfDOB is visible and Text is 09/09/1990]]>
    </line>
    <line>
      <![CDATA[ASSERT PASSED: element txt_cnfCity is visible and Text is Scranton]]>
    </line>
    <line>
      <![CDATA[ASSERT PASSED: element txt_cnfPhone is displayed.]]>
    </line>
    <line>
      <![CDATA[ASSERT PASSED: element lnk_editPaymentPlan is displayed.]]>
    </line>
    <line>
      <![CDATA[ASSERT PASSED: element txt_paymentPlanConfirm is visible and Text is Monthly Auto Pay Plan]]>
    </line>
    <line>
      <![CDATA[ASSERT PASSED: element lnk_editPaymentInfo is displayed.]]>
    </line>
    <line>
      <![CDATA[ASSERT PASSED: element txt_confirmPaymentMethod is visible and Text is Checking / Savings Account]]>
    </line>
    <line>
      <![CDATA[
]]>
    </line>
    <line>
      <![CDATA[********** TEST METHOD  : - STEP15_USER_VERIFY_PREFERENCES_SECTIONS_ON_COMPLETE_ENROLLMENT_STEP ***************]]>
    </line>
    <line>
      <![CDATA[
]]>
    </line>
    <line>
      <![CDATA[ASSERT PASSED: element chkbox_emailOption is displayed.]]>
    </line>
    <line>
      <![CDATA[ASSERT PASSED: element chkbox_smsOption is displayed.]]>
    </line>
    <line>
      <![CDATA[FAILURE occured at 2017-05-30 09:54:11 EDT]]>
    </line>
    <line>
      <![CDATA[Save Image File Path : C:\Users\cntr_tvishnoi\.jenkins\workspace\Domestic_Smoke_Test\./src/test/resources/Screenshots/\Enroll_Paying_MonthlyPayment_Using_SavingAccount_Option_Test\2017_05_30_09_54_AM\screenshot.png]]>
    </line>
    <line>
      <![CDATA[
]]>
    </line>
    <line>
      <![CDATA[********** TEST METHOD  : - STEP16_CLICK_ON_ENROLL_BUTTON_AND_VERIFYNOMORE_ENROLLBUTTONISDISPLAYED ***************]]>
    </line>
    <line>
      <![CDATA[
]]>
    </line>
    <line>
      <![CDATA[ASSERT PASSED: element txt_titleElecSign is displayed.]]>
    </line>
    <line>
      <![CDATA[ASSERT PASSED: element txt_titleElecSign is visible and Text is About Your Electronic Signature]]>
    </line>
    <line>
      <![CDATA[Current URL is https://stage.www.pennfoster.edu/enroll/?sh=e&pid=&refURL=https://stage.www.pennfoster.edu/]]>
    </line>
    <line>
      <![CDATA[Assertion Passed : Element prodEnroll is not displayed ]]>
    </line>
    <line>
      <![CDATA[
]]>
    </line>
    <line>
      <![CDATA[********** TEST METHOD  : - STEP17_USER_VERIFY_ABOUT_YOUR_SIGNATURE_STEP_AND_CLICKS_ON_NEXT ***************]]>
    </line>
    <line>
      <![CDATA[
]]>
    </line>
    <line>
      <![CDATA[ASSERT PASSED: element txt_titleElecSign is displayed.]]>
    </line>
    <line>
      <![CDATA[ASSERT PASSED: element txt_titleElecSign is visible and Text is About Your Electronic Signature]]>
    </line>
    <line>
      <![CDATA[User clicks on Nex button on signature page]]>
    </line>
    <line>
      <![CDATA[
]]>
    </line>
    <line>
      <![CDATA[********** TEST METHOD  : - STEP18_CLICK_ON_CONFIRMDIGITALSIGNLINK ***************]]>
    </line>
    <line>
      <![CDATA[
]]>
    </line>
    <line>
      <![CDATA[ASSERT PASSED: element lnk_signLink is visible and Text is Qafdyogpjv Qalwrcmujkh - Click Here to Continue]]>
    </line>
    <line>
      <![CDATA[user clicks on click here to sign link]]>
    </line>
    <line>
      <![CDATA[User clicks on click here to sign link and proceesds to confirmation thank you page]]>
    </line>
    <line>
      <![CDATA[ASSERT PASSED: element lnk_signLink is displayed.]]>
    </line>
    <line>
      <![CDATA[User clicks on click here to sign link and proceesds to confirmation thank you page]]>
    </line>
    <line>
      <![CDATA[
]]>
    </line>
    <line>
      <![CDATA[********** TEST METHOD  : - STEP19_VERIFY_COMPLETE_YOUR_ENROLLMENT_SCREEN_AND_STUDENTID_HAS_BEEN_GENERATED ***************]]>
    </line>
    <line>
      <![CDATA[
]]>
    </line>
    <line>
      <![CDATA[ASSERT PASSED: element txt_enrollmentConfirmation is displayed.]]>
    </line>
    <line>
      <![CDATA[User is on enrollment thank you page]]>
    </line>
    <line>
      <![CDATA[ASSERT PASSED: element txt_studentId is displayed.]]>
    </line>
    <line>
      <![CDATA[Assertion Passed :Student id is displayed as Highlighted]]>
    </line>
    <line>
      <![CDATA[
]]>
    </line>
    <line>
      <![CDATA[********** TEST METHOD  : - STEP20_VERIFYSTUDENT_ENROLMENTDATA_THROOUGH_API ***************]]>
    </line>
    <line>
      <![CDATA[
]]>
    </line>
    <line>
      <![CDATA[Assertion Passed : data: - StudentId is correct]]>
    </line>
    <line>
      <![CDATA[Assertion Passed : data: - FName is correct]]>
    </line>
    <line>
      <![CDATA[Assertion Passed : data: - LName is correct]]>
    </line>
    <line>
      <![CDATA[Assertion Passed : data: - Address1 is correct]]>
    </line>
    <line>
      <![CDATA[Assertion Passed : data: - City is correct]]>
    </line>
    <line>
      <![CDATA[Assertion Passed : data: - State is correct]]>
    </line>
    <line>
      <![CDATA[Assertion Passed : data: - Zip is correct]]>
    </line>
    <line>
      <![CDATA[Assertion Passed : data: - BirthDate is correct]]>
    </line>
    <line>
      <![CDATA[Assertion Passed : data: - EmailAddress is correct]]>
    </line>
    <line>
      <![CDATA[Assertion Passed : data: - PhoneNumber is correct]]>
    </line>
    <line>
      <![CDATA[FAILURE occured at 2017-05-30 09:55:12 EDT]]>
    </line>
    <line>
      <![CDATA[Save Image File Path : C:\Users\cntr_tvishnoi\.jenkins\workspace\Domestic_Smoke_Test\./src/test/resources/Screenshots/\Enroll_Paying_MonthlyPayment_Using_SavingAccount_Option_Test\2017_05_30_09_55_AM\screenshot.png]]>
    </line>
    <line>
      <![CDATA[Env is : STAGE]]>
    </line>
    <line>
      <![CDATA[
]]>
    </line>
    <line>
      <![CDATA[############## TEST CLASS STARTED : - ENROLL_PAYING_MONTHLYPAYMENT_USING_CREDITCARD_OPTION_TEST ####################]]>
    </line>
    <line>
      <![CDATA[
]]>
    </line>
    <line>
      <![CDATA[
]]>
    </line>
    <line>
      <![CDATA[********** TEST METHOD  : - STEP01_USER_LAUNCHES_APPLICATION ***************]]>
    </line>
    <line>
      <![CDATA[
]]>
    </line>
    <line>
      <![CDATA[The test browser is :- Chrome
]]>
    </line>
    <line>
      <![CDATA[
The application url is :- https://stage.www.pennfoster.edu/]]>
    </line>
    <line>
      <![CDATA[
]]>
    </line>
    <line>
      <![CDATA[********** TEST METHOD  : - STEP02_USER_CLICKS_ON_ENROLL_LINKS_AND_NAVIGATE_TO_ENROLL_PRODUCTPAGE ***************]]>
    </line>
    <line>
      <![CDATA[
]]>
    </line>
    <line>
      <![CDATA[https://stage.www.pennfoster.edu/]]>
    </line>
    <line>
      <![CDATA[ASSERT PASSED: PageTitle for Accredited College, High School & Career School Online | Penn Foster contains: 'Accredited College, High School & Career School Online | Penn Foster'.]]>
    </line>
    <line>
      <![CDATA[ASSERT PASSED: element img_logo is displayed.]]>
    </line>
    <line>
      <![CDATA[User Clicks on Enroll Button]]>
    </line>
    <line>
      <![CDATA[
]]>
    </line>
    <line>
      <![CDATA[********** TEST METHOD  : - STEP03_USER_VERIFY_FIELDS_ON_STEP_ONE ***************]]>
    </line>
    <line>
      <![CDATA[
]]>
    </line>
    <line>
      <![CDATA[ASSERT PASSED: element txt_step1 is displayed.]]>
    </line>
    <line>
      <![CDATA[ACTUAL STRING : Enroll Now in 4 Easy Steps]]>
    </line>
    <line>
      <![CDATA[EXPECTED STRING :Enroll Now in 4 Easy Steps]]>
    </line>
    <line>
      <![CDATA[String compare Assertion passed.]]>
    </line>
    <line>
      <![CDATA[ASSERT PASSED: element input_fName is displayed.]]>
    </line>
    <line>
      <![CDATA[ASSERT PASSED: element input_lastName is displayed.]]>
    </line>
    <line>
      <![CDATA[ASSERT PASSED: element input_email is displayed.]]>
    </line>
    <line>
      <![CDATA[ASSERT PASSED: element input_zipCode is displayed.]]>
    </line>
    <line>
      <![CDATA[ASSERT PASSED: element drpdwn_hearAboutus is displayed.]]>
    </line>
    <line>
      <![CDATA[ASSERT PASSED: element img_progressStep1 is displayed.]]>
    </line>
    <line>
      <![CDATA[
]]>
    </line>
    <line>
      <![CDATA[********** TEST METHOD  : - STEP04_FILL_INFORMATION_ON_STEP1_AND_STEP2 ***************]]>
    </line>
    <line>
      <![CDATA[
]]>
    </line>
    <line>
      <![CDATA[ASSERT PASSED: element txt_step1 is displayed.]]>
    </line>
    <line>
      <![CDATA[ACTUAL STRING : Enroll Now in 4 Easy Steps]]>
    </line>
    <line>
      <![CDATA[EXPECTED STRING :Enroll Now in 4 Easy Steps]]>
    </line>
    <line>
      <![CDATA[String compare Assertion passed.]]>
    </line>
    <line>
      <![CDATA[User select High School Diploma value from dropdown]]>
    </line>
    <line>
      <![CDATA[User Select HIGH SCHOOL DIPLOMA from dropdown]]>
    </line>
    <line>
      <![CDATA[Entered Text Qafgeuibsf]]>
    </line>
    <line>
      <![CDATA[Entered Text Qalcswoillf]]>
    </line>
    <line>
      <![CDATA[Entered Text Q1496152518865@mailinator.com]]>
    </line>
    <line>
      <![CDATA[Entered Text Q1496152518865@mailinator.com]]>
    </line>
    <line>
      <![CDATA[User select Online Textbooks (Immediate access) value from dropdown]]>
    </line>
    <line>
      <![CDATA[Entered Text 18503]]>
    </line>
    <line>
      <![CDATA[ASSERT PASSED: element img_nextOnStep1 is displayed.]]>
    </line>
    <line>
      <![CDATA[USer Clicks on Next on step1]]>
    </line>
    <line>
      <![CDATA[ASSERT PASSED: element txt_step2 is displayed.]]>
    </line>
    <line>
      <![CDATA[ACTUAL STRING : Enter Contact Information]]>
    </line>
    <line>
      <![CDATA[EXPECTED STRING :Enter Contact Information]]>
    </line>
    <line>
      <![CDATA[String compare Assertion passed.]]>
    </line>
    <line>
      <![CDATA[ASSERT PASSED: element input_address1 is displayed.]]>
    </line>
    <line>
      <![CDATA[ASSERT PASSED: element input_address2 is displayed.]]>
    </line>
    <line>
      <![CDATA[ASSERT PASSED: element input_phonenumber is displayed.]]>
    </line>
    <line>
      <![CDATA[ASSERT PASSED: element radiobtn_mobile is displayed.]]>
    </line>
    <line>
      <![CDATA[ASSERT PASSED: element radiobtn_phone is displayed.]]>
    </line>
    <line>
      <![CDATA[ASSERT PASSED: element drpdwn_gender is displayed.]]>
    </line>
    <line>
      <![CDATA[ASSERT PASSED: element input_dob is displayed.]]>
    </line>
    <line>
      <![CDATA[ASSERT PASSED: element drpdwn_highestEducation is displayed.]]>
    </line>
    <line>
      <![CDATA[ASSERT PASSED: element input_zipStep2 is displayed.]]>
    </line>
    <line>
      <![CDATA[ASSERT PASSED: element drpdwn_stateStep2 is displayed.]]>
    </line>
    <line>
      <![CDATA[ASSERT PASSED: element input_cityStep2 is displayed.]]>
    </line>
    <line>
      <![CDATA[ASSERT PASSED: element image_step2Submit is displayed.]]>
    </line>
    <line>
      <![CDATA[Assertion Passed : zipcode is correct]]>
    </line>
    <line>
      <![CDATA[Assertion Passed : city and state value is correct]]>
    </line>
    <line>
      <![CDATA[Entered Text 349 Adams Ave]]>
    </line>
    <line>
      <![CDATA[Entered Text 8558886022]]>
    </line>
    <line>
      <![CDATA[User select Male value from dropdown]]>
    </line>
    <line>
      <![CDATA[Entered Text 09/09/1999]]>
    </line>
    <line>
      <![CDATA[User select Bachelor's Degree value from dropdown]]>
    </line>
    <line>
      <![CDATA[ASSERT PASSED: element image_step2Submit is displayed.]]>
    </line>
    <line>
      <![CDATA[ASSERT PASSED: element txt_titleGuarantor is displayed.]]>
    </line>
    <line>
      <![CDATA[ASSERT PASSED: element txt_titleGuarantor is visible and Text is Guarantor Info]]>
    </line>
    <line>
      <![CDATA[ASSERT PASSED: element input_firstNameGuarantor is displayed.]]>
    </line>
    <line>
      <![CDATA[ASSERT PASSED: element input_lastNameGuarantor is displayed.]]>
    </line>
    <line>
      <![CDATA[ASSERT PASSED: element input_emailGuarantor is displayed.]]>
    </line>
    <line>
      <![CDATA[ASSERT PASSED: element input_phoneNumberGuarantor is displayed.]]>
    </line>
    <line>
      <![CDATA[ASSERT PASSED: element input_dOBGurantor is displayed.]]>
    </line>
    <line>
      <![CDATA[ASSERT PASSED: element input_addressGuarantor is displayed.]]>
    </line>
    <line>
      <![CDATA[ASSERT PASSED: element input_cityGuarantor is displayed.]]>
    </line>
    <line>
      <![CDATA[ASSERT PASSED: element drpdwn_stateGuarantor is displayed.]]>
    </line>
    <line>
      <![CDATA[ASSERT PASSED: element input_zipcodeGuarantor is displayed.]]>
    </line>
    <line>
      <![CDATA[ASSERT PASSED: element btn_nextOnGuarantor is displayed.]]>
    </line>
    <line>
      <![CDATA[ASSERT PASSED: element btn_backOnGuarantor is displayed.]]>
    </line>
    <line>
      <![CDATA[ASSERT PASSED: element txt_fNGuarantotError is visible and Text is Guarantor First Name required]]>
    </line>
    <line>
      <![CDATA[ASSERT PASSED: element txt_lNGuarantorError is visible and Text is Guarantor Last Name required]]>
    </line>
    <line>
      <![CDATA[ASSERT PASSED: element txt_guarantorEmailError is visible and Text is Email Address required]]>
    </line>
    <line>
      <![CDATA[ASSERT PASSED: element txt_guarantorDOB is visible and Text is Date of Birth required]]>
    </line>
    <line>
      <![CDATA[Entered Text QAFirstNam]]>
    </line>
    <line>
      <![CDATA[Entered Text QALastName]]>
    </line>
    <line>
      <![CDATA[Entered Text automation.results@gmail.com]]>
    </line>
    <line>
      <![CDATA[Entered Text 18002754410]]>
    </line>
    <line>
      <![CDATA[Entered Text 09/09/1985]]>
    </line>
    <line>
      <![CDATA[Entered Text 429 N Main Ave]]>
    </line>
    <line>
      <![CDATA[User select PA value from dropdown]]>
    </line>
    <line>
      <![CDATA[Entered Text Scranton]]>
    </line>
    <line>
      <![CDATA[Entered Text 18504]]>
    </line>
    <line>
      <![CDATA[User clicks on next on guarantor button]]>
    </line>
    <line>
      <![CDATA[
]]>
    </line>
    <line>
      <![CDATA[********** TEST METHOD  : - STEP06_USER_SELECT_MONTHLY_PAYMENTPLAN_AND_VERIFY_SECTION_SUMMARY ***************]]>
    </line>
    <line>
      <![CDATA[
]]>
    </line>
    <line>
      <![CDATA[ASSERT PASSED: element txt_titlePaymentPlan is displayed.]]>
    </line>
    <line>
      <![CDATA[ACTUAL STRING : Select your payment plan]]>
    </line>
    <line>
      <![CDATA[EXPECTED STRING :Select your payment plan]]>
    </line>
    <line>
      <![CDATA[String compare Assertion passed.]]>
    </line>
    <line>
      <![CDATA[User select Monthly Plan]]>
    </line>
    <line>
      <![CDATA[Assertion Passed :  On selecting Monthly Payment option , it got highlighted]]>
    </line>
    <line>
      <![CDATA[ASSERT PASSED: element slider_monthlyPayment is displayed.]]>
    </line>
    <line>
      <![CDATA[ASSERT PASSED: element slider_downPayment is displayed.]]>
    </line>
    <line>
      <![CDATA[Assertion Passed : User slided Monthly payment slider successfully , now position is at width: 11.2634%; overflow: hidden;]]>
    </line>
    <line>
      <![CDATA[Assertion Passed : Down payment 451 is shown correctly in summary section]]>
    </line>
    <line>
      <![CDATA[Assertion Passed : User slided down payment slider successfully , now position is at width: 50%;]]>
    </line>
    <line>
      <![CDATA[Assertion Passed : Montly 109 payment is shown correctly in summary section]]>
    </line>
    <line>
      <![CDATA[ASSERT PASSED: element txt_numberOfMonthlyPayment is displayed.]]>
    </line>
    <line>
      <![CDATA[Assertion Passed : Payment Summary is correct, payable amount is 1219 after discount 96]]>
    </line>
    <line>
      <![CDATA[ASSERT PASSED: element finalPaymentAmount is displayed.]]>
    </line>
    <line>
      <![CDATA[
]]>
    </line>
    <line>
      <![CDATA[********** TEST METHOD  : - STEP07_USER_NAVIGATE_TO_PAYMENTMETHOD_AND_SELECT_PAYBYCREDITCARD ***************]]>
    </line>
    <line>
      <![CDATA[
]]>
    </line>
    <line>
      <![CDATA[user click next on payment plan]]>
    </line>
    <line>
      <![CDATA[ASSERT PASSED: element txt_titlePaymentMethod is displayed.]]>
    </line>
    <line>
      <![CDATA[ACTUAL STRING : Select Your Payment Method]]>
    </line>
    <line>
      <![CDATA[EXPECTED STRING :Select Your Payment Method]]>
    </line>
    <line>
      <![CDATA[String compare Assertion passed.]]>
    </line>
    <line>
      <![CDATA[ASSERT PASSED: element txt_titlePaymentMethod is displayed.]]>
    </line>
    <line>
      <![CDATA[ACTUAL STRING : Select Your Payment Method]]>
    </line>
    <line>
      <![CDATA[EXPECTED STRING :Select Your Payment Method]]>
    </line>
    <line>
      <![CDATA[String compare Assertion passed.]]>
    </line>
    <line>
      <![CDATA[ASSERT PASSED: element txt_withdrawnDate is displayed.]]>
    </line>
    <line>
      <![CDATA[ASSERT PASSED: element image_creditCardToolTip is displayed.]]>
    </line>
    <line>
      <![CDATA[Entered Text 4111111111111111]]>
    </line>
    <line>
      <![CDATA[Entered Text 000]]>
    </line>
    <line>
      <![CDATA[User select 02 value from dropdown]]>
    </line>
    <line>
      <![CDATA[User select 2018 value from dropdown]]>
    </line>
    <line>
      <![CDATA[User Clicks on Next after payment]]>
    </line>
    <line>
      <![CDATA[
]]>
    </line>
    <line>
      <![CDATA[********** TEST METHOD  : - STEP08_USER_VERIFY_SECTIONS_ON_COMPLETE_ENROLLMENT_STEP ***************]]>
    </line>
    <line>
      <![CDATA[
]]>
    </line>
    <line>
      <![CDATA[ASSERT PASSED: element txt_titleCompleteEnroll is displayed.]]>
    </line>
    <line>
      <![CDATA[ACTUAL STRING : Review Your Enrollment]]>
    </line>
    <line>
      <![CDATA[EXPECTED STRING :Review Your Enrollment]]>
    </line>
    <line>
      <![CDATA[String compare Assertion passed.]]>
    </line>
    <line>
      <![CDATA[ASSERT PASSED: element chkbox_emailOption is displayed.]]>
    </line>
    <line>
      <![CDATA[Assertion Passed : Preference section is open by default]]>
    </line>
    <line>
      <![CDATA[ASSERT PASSED: element txt_step1Contact is displayed.]]>
    </line>
    <line>
      <![CDATA[ASSERT PASSED: element txt_Step2PaymentPlan is displayed.]]>
    </line>
    <line>
      <![CDATA[ASSERT PASSED: element txt_step3PaymentInfo is displayed.]]>
    </line>
    <line>
      <![CDATA[ASSERT PASSED: element txt_step4Prefrences is displayed.]]>
    </line>
    <line>
      <![CDATA[Assertion Passed : +/- sign for each confirm section is displayed ]]>
    </line>
    <line>
      <![CDATA[ASSERT PASSED: element lnk_editContactInfo is displayed.]]>
    </line>
    <line>
      <![CDATA[ASSERT PASSED: element txt_confirmFName is visible and Text is Qafgeuibsf]]>
    </line>
    <line>
      <![CDATA[ASSERT PASSED: element txt_confirmLName is visible and Text is Qalcswoillf]]>
    </line>
    <line>
      <![CDATA[ASSERT PASSED: element txt_confirmEmail is visible and Text is Q1496152518865@mailinator.com]]>
    </line>
    <line>
      <![CDATA[ASSERT PASSED: element txt_cnfAddress is visible and Text is 349 Adams Ave]]>
    </line>
    <line>
      <![CDATA[ASSERT PASSED: element txt_cnfDOB is visible and Text is 09/09/1999]]>
    </line>
    <line>
      <![CDATA[ASSERT PASSED: element txt_cnfCity is visible and Text is Scranton]]>
    </line>
    <line>
      <![CDATA[ASSERT PASSED: element txt_cnfPhone is displayed.]]>
    </line>
    <line>
      <![CDATA[ASSERT PASSED: element txt_guarantorConfirmFName is visible and Text is QAFirstNam]]>
    </line>
    <line>
      <![CDATA[ASSERT PASSED: element txt_guarantorConfirmLName is visible and Text is QALastName]]>
    </line>
    <line>
      <![CDATA[ASSERT PASSED: element txt_guarantorCnfmAdd is visible and Text is 429 N Main Ave]]>
    </line>
    <line>
      <![CDATA[ASSERT PASSED: element txt_guarantorCnfEmail is visible and Text is automation.results@gmail.com]]>
    </line>
    <line>
      <![CDATA[ASSERT PASSED: element txt_guarantorCnfDOB is visible and Text is 09/09/1985]]>
    </line>
    <line>
      <![CDATA[ASSERT PASSED: element txt_cnfPhone is displayed.]]>
    </line>
    <line>
      <![CDATA[ASSERT PASSED: element lnk_editPaymentPlan is displayed.]]>
    </line>
    <line>
      <![CDATA[ASSERT PASSED: element txt_paymentPlanConfirm is visible and Text is Monthly Auto Pay Plan]]>
    </line>
    <line>
      <![CDATA[
]]>
    </line>
    <line>
      <![CDATA[********** TEST METHOD  : - STEP09_USER_VERIFY_PREFERENCES_SECTIONS_ON_COMPLETE_ENROLLMENT_STEP ***************]]>
    </line>
    <line>
      <![CDATA[
]]>
    </line>
    <line>
      <![CDATA[ASSERT PASSED: element chkbox_emailOption is displayed.]]>
    </line>
    <line>
      <![CDATA[ASSERT PASSED: element chkbox_smsOption is displayed.]]>
    </line>
    <line>
      <![CDATA[FAILURE occured at 2017-05-30 09:56:29 EDT]]>
    </line>
    <line>
      <![CDATA[Save Image File Path : C:\Users\cntr_tvishnoi\.jenkins\workspace\Domestic_Smoke_Test\./src/test/resources/Screenshots/\Enroll_Paying_MonthlyPayment_Using_CreditCard_Option_Test\2017_05_30_09_56_AM\screenshot.png]]>
    </line>
    <line>
      <![CDATA[
]]>
    </line>
    <line>
      <![CDATA[********** TEST METHOD  : - STEP10_CLICK_ON_ENROLL_BUTTON_AND_VERIFYNOMORE_ENROLLBUTTONISDISPLAYED ***************]]>
    </line>
    <line>
      <![CDATA[
]]>
    </line>
    <line>
      <![CDATA[ASSERT PASSED: element txt_titleElecSign is displayed.]]>
    </line>
    <line>
      <![CDATA[ASSERT PASSED: element txt_titleElecSign is visible and Text is About Your Electronic Signature]]>
    </line>
    <line>
      <![CDATA[Current URL is https://stage.www.pennfoster.edu/enroll/?sh=e&pid=&refURL=https://stage.www.pennfoster.edu/]]>
    </line>
    <line>
      <![CDATA[Assertion Passed : Element prodEnroll is not displayed ]]>
    </line>
    <line>
      <![CDATA[
]]>
    </line>
    <line>
      <![CDATA[********** TEST METHOD  : - STEP11_USER_VERIFY_ABOUT_YOUR_SIGNATURE_STEP_AND_CLICKS_ON_NEXT ***************]]>
    </line>
    <line>
      <![CDATA[
]]>
    </line>
    <line>
      <![CDATA[ASSERT PASSED: element txt_titleElecSign is displayed.]]>
    </line>
    <line>
      <![CDATA[ASSERT PASSED: element txt_titleElecSign is visible and Text is About Your Electronic Signature]]>
    </line>
    <line>
      <![CDATA[User clicks on Nex button on signature page]]>
    </line>
    <line>
      <![CDATA[
]]>
    </line>
    <line>
      <![CDATA[********** TEST METHOD  : - STEP12_CLICK_ON_CONFIRMDIGITALSIGNLINK ***************]]>
    </line>
    <line>
      <![CDATA[
]]>
    </line>
    <line>
      <![CDATA[ASSERT PASSED: element lnk_signLink is visible and Text is Qafgeuibsf Qalcswoillf - Click Here to Continue]]>
    </line>
    <line>
      <![CDATA[user clicks on click here to sign link]]>
    </line>
    <line>
      <![CDATA[User clicks on click here to sign link and proceesds to confirmation thank you page]]>
    </line>
    <line>
      <![CDATA[ASSERT PASSED: element lnk_signLink is displayed.]]>
    </line>
    <line>
      <![CDATA[User clicks on click here to sign link and proceesds to confirmation thank you page]]>
    </line>
    <line>
      <![CDATA[ASSERT PASSED: element lnk_signLink is displayed.]]>
    </line>
    <line>
      <![CDATA[User clicks on click here to sign link and proceesds to confirmation thank you page]]>
    </line>
    <line>
      <![CDATA[
]]>
    </line>
    <line>
      <![CDATA[********** TEST METHOD  : - STEP13_VERIFY_COMPLETE_YOUR_ENROLLMENT_SCREEN_AND_STUDENTID_HAS_BEEN_GENERATED ***************]]>
    </line>
    <line>
      <![CDATA[
]]>
    </line>
    <line>
      <![CDATA[ASSERT PASSED: element txt_enrollmentConfirmation is displayed.]]>
    </line>
    <line>
      <![CDATA[User is on enrollment thank you page]]>
    </line>
    <line>
      <![CDATA[ASSERT PASSED: element txt_studentId is displayed.]]>
    </line>
    <line>
      <![CDATA[Assertion Passed :Student id is displayed as Highlighted]]>
    </line>
    <line>
      <![CDATA[
]]>
    </line>
    <line>
      <![CDATA[********** TEST METHOD  : - STEP14_VERIFYSTUDENT_ENROLMENTDATA_THROOUGH_API ***************]]>
    </line>
    <line>
      <![CDATA[
]]>
    </line>
    <line>
      <![CDATA[Assertion Passed : data: - StudentId is correct]]>
    </line>
    <line>
      <![CDATA[Assertion Passed : data: - FName is correct]]>
    </line>
    <line>
      <![CDATA[Assertion Passed : data: - LName is correct]]>
    </line>
    <line>
      <![CDATA[Assertion Passed : data: - Address1 is correct]]>
    </line>
    <line>
      <![CDATA[Assertion Passed : data: - City is correct]]>
    </line>
    <line>
      <![CDATA[Assertion Passed : data: - State is correct]]>
    </line>
    <line>
      <![CDATA[Assertion Passed : data: - Zip is correct]]>
    </line>
    <line>
      <![CDATA[Assertion Passed : data: - BirthDate is correct]]>
    </line>
    <line>
      <![CDATA[Assertion Passed : data: - EmailAddress is correct]]>
    </line>
    <line>
      <![CDATA[Assertion Passed : data: - PhoneNumber is correct]]>
    </line>
    <line>
      <![CDATA[FAILURE occured at 2017-05-30 09:57:36 EDT]]>
    </line>
    <line>
      <![CDATA[Save Image File Path : C:\Users\cntr_tvishnoi\.jenkins\workspace\Domestic_Smoke_Test\./src/test/resources/Screenshots/\Enroll_Paying_MonthlyPayment_Using_CreditCard_Option_Test\2017_05_30_09_57_AM\screenshot.png]]>
    </line>
    <line>
      <![CDATA[Env is : STAGE]]>
    </line>
    <line>
      <![CDATA[
]]>
    </line>
    <line>
      <![CDATA[############## TEST CLASS STARTED : - ENROLL_PAYING_PAYBYMAIL_USING_PAYPAL_PAYMENT_OPTION_TEST ####################]]>
    </line>
    <line>
      <![CDATA[
]]>
    </line>
    <line>
      <![CDATA[
]]>
    </line>
    <line>
      <![CDATA[********** TEST METHOD  : - STEP01_USER_LAUNCHES_APPLICATION ***************]]>
    </line>
    <line>
      <![CDATA[
]]>
    </line>
    <line>
      <![CDATA[The test browser is :- Chrome
]]>
    </line>
    <line>
      <![CDATA[
The application url is :- https://stage.www.pennfoster.edu/]]>
    </line>
    <line>
      <![CDATA[
]]>
    </line>
    <line>
      <![CDATA[********** TEST METHOD  : - STEP02_USER_CLICKS_ON_ENROLL_LINKS_AND_NAVIGATE_TO_ENROLL_PRODUCTPAGE ***************]]>
    </line>
    <line>
      <![CDATA[
]]>
    </line>
    <line>
      <![CDATA[https://stage.www.pennfoster.edu/]]>
    </line>
    <line>
      <![CDATA[ASSERT PASSED: PageTitle for Accredited College, High School & Career School Online | Penn Foster contains: 'Accredited College, High School & Career School Online | Penn Foster'.]]>
    </line>
    <line>
      <![CDATA[ASSERT PASSED: element img_logo is displayed.]]>
    </line>
    <line>
      <![CDATA[User Clicks on Enroll Button]]>
    </line>
    <line>
      <![CDATA[
]]>
    </line>
    <line>
      <![CDATA[********** TEST METHOD  : - STEP03_USER_VERIFY_FIELDS_ON_STEP_ONE ***************]]>
    </line>
    <line>
      <![CDATA[
]]>
    </line>
    <line>
      <![CDATA[ASSERT PASSED: element txt_step1 is displayed.]]>
    </line>
    <line>
      <![CDATA[ACTUAL STRING : Enroll Now in 4 Easy Steps]]>
    </line>
    <line>
      <![CDATA[EXPECTED STRING :Enroll Now in 4 Easy Steps]]>
    </line>
    <line>
      <![CDATA[String compare Assertion passed.]]>
    </line>
    <line>
      <![CDATA[ASSERT PASSED: element input_fName is displayed.]]>
    </line>
    <line>
      <![CDATA[ASSERT PASSED: element input_lastName is displayed.]]>
    </line>
    <line>
      <![CDATA[ASSERT PASSED: element input_email is displayed.]]>
    </line>
    <line>
      <![CDATA[ASSERT PASSED: element input_zipCode is displayed.]]>
    </line>
    <line>
      <![CDATA[ASSERT PASSED: element drpdwn_hearAboutus is displayed.]]>
    </line>
    <line>
      <![CDATA[ASSERT PASSED: element img_progressStep1 is displayed.]]>
    </line>
    <line>
      <![CDATA[
]]>
    </line>
[...]
              <![CDATA[ASSERT PASSED: element txt_searchQueryTitle is displayed.]]>
            </line>
            <line>
              <![CDATA[ASSERT PASSED: element txt_searchQueryTitle is visible and Text is Find what you're looking for]]>
            </line>
            <line>
              <![CDATA[Assertion passed : Search result is not empty there are200 search term of giving term :- Eductaion]]>
            </line>
          </reporter-output>
        </test-method> <!-- Step03_User_Verify_SearchFunctionality -->
        <test-method status="PASS" signature="take_screenshot_on_failure(org.testng.ITestResult, java.lang.reflect.Method)[pri:0, instance:com.qait.pennfoster.tests.domestic.diploma.Get_Info_Functionality_Test@1d611c8]" name="take_screenshot_on_failure" is-config="true" duration-ms="0" started-at="2017-05-30T10:12:44Z" finished-at="2017-05-30T10:12:44Z">
          <params>
            <param index="0">
              <value>
                <![CDATA[[TestResult name=Step02_Verify_PhoneNuber_Globally status=SUCCESS method=Get_Info_Functionality_Test.Step02_Verify_PhoneNuber_Globally()[pri:0, instance:com.qait.pennfoster.tests.domestic.diploma.Get_Info_Functionality_Test@1d611c8] output=ASSERT PASSED: element txt_phNumberOnHeader is visible and Text is 1-800-275-4410]]]>
              </value>
            </param>
            <param index="1">
              <value>
                <![CDATA[public void com.qait.pennfoster.tests.domestic.diploma.Get_Info_Functionality_Test.Step02_Verify_PhoneNuber_Globally()]]>
              </value>
            </param>
          </params>
          <reporter-output>
          </reporter-output>
        </test-method> <!-- take_screenshot_on_failure -->
        <test-method status="PASS" signature="beforeMethod(java.lang.reflect.Method)[pri:0, instance:com.qait.pennfoster.tests.domestic.diploma.Get_Info_Functionality_Test@1d611c8]" name="beforeMethod" is-config="true" duration-ms="0" started-at="2017-05-30T10:12:44Z" finished-at="2017-05-30T10:12:44Z">
          <params>
            <param index="0">
              <value>
                <![CDATA[public void com.qait.pennfoster.tests.domestic.diploma.Get_Info_Functionality_Test.Step03_User_Verify_SearchFunctionality()]]>
              </value>
            </param>
          </params>
          <reporter-output>
            <line>
              <![CDATA[
]]>
            </line>
            <line>
              <![CDATA[********** TEST METHOD  : - STEP03_USER_VERIFY_SEARCHFUNCTIONALITY ***************]]>
            </line>
            <line>
              <![CDATA[
]]>
            </line>
          </reporter-output>
        </test-method> <!-- beforeMethod -->
        <test-method status="PASS" signature="beforeMethod(java.lang.reflect.Method)[pri:0, instance:com.qait.pennfoster.tests.domestic.diploma.Get_Info_Functionality_Test@1d611c8]" name="beforeMethod" is-config="true" duration-ms="0" started-at="2017-05-30T10:12:59Z" finished-at="2017-05-30T10:12:59Z">
          <params>
            <param index="0">
              <value>
                <![CDATA[public void com.qait.pennfoster.tests.domestic.diploma.Get_Info_Functionality_Test.Step04_Navigate_To_Get_Info_Page_And_Verify_Fields()]]>
              </value>
            </param>
          </params>
          <reporter-output>
            <line>
              <![CDATA[
]]>
            </line>
            <line>
              <![CDATA[********** TEST METHOD  : - STEP04_NAVIGATE_TO_GET_INFO_PAGE_AND_VERIFY_FIELDS ***************]]>
            </line>
            <line>
              <![CDATA[
]]>
            </line>
          </reporter-output>
        </test-method> <!-- beforeMethod -->
        <test-method status="PASS" signature="Step04_Navigate_To_Get_Info_Page_And_Verify_Fields()[pri:0, instance:com.qait.pennfoster.tests.domestic.diploma.Get_Info_Functionality_Test@1d611c8]" name="Step04_Navigate_To_Get_Info_Page_And_Verify_Fields" duration-ms="9427" started-at="2017-05-30T10:12:59Z" finished-at="2017-05-30T10:13:09Z">
          <reporter-output>
            <line>
              <![CDATA[ASSERT PASSED: PageTitle for RequestInformation is exactly: 'Request Information on Penn Foster degrees, diplomas, certificates']]>
            </line>
            <line>
              <![CDATA[ASSERT PASSED: element drpdwn_courseName is displayed.]]>
            </line>
            <line>
              <![CDATA[ASSERT PASSED: element input_firstName is displayed.]]>
            </line>
            <line>
              <![CDATA[ASSERT PASSED: element input_lastName is displayed.]]>
            </line>
            <line>
              <![CDATA[ASSERT PASSED: element input_address1 is displayed.]]>
            </line>
            <line>
              <![CDATA[ASSERT PASSED: element input_city is displayed.]]>
            </line>
            <line>
              <![CDATA[ASSERT PASSED: element drpdwn_state is displayed.]]>
            </line>
            <line>
              <![CDATA[ASSERT PASSED: element input_zipCode is displayed.]]>
            </line>
            <line>
              <![CDATA[ASSERT PASSED: element input_email is displayed.]]>
            </line>
            <line>
              <![CDATA[ASSERT PASSED: element input_phoneNumber is displayed.]]>
            </line>
          </reporter-output>
        </test-method> <!-- Step04_Navigate_To_Get_Info_Page_And_Verify_Fields -->
        <test-method status="PASS" signature="take_screenshot_on_failure(org.testng.ITestResult, java.lang.reflect.Method)[pri:0, instance:com.qait.pennfoster.tests.domestic.diploma.Get_Info_Functionality_Test@1d611c8]" name="take_screenshot_on_failure" is-config="true" duration-ms="0" started-at="2017-05-30T10:12:59Z" finished-at="2017-05-30T10:12:59Z">
          <params>
            <param index="0">
              <value>
                <![CDATA[[TestResult name=Step03_User_Verify_SearchFunctionality status=SUCCESS method=Get_Info_Functionality_Test.Step03_User_Verify_SearchFunctionality()[pri:0, instance:com.qait.pennfoster.tests.domestic.diploma.Get_Info_Functionality_Test@1d611c8] output=https://stage.www.pennfoster.edu/]]]>
              </value>
            </param>
            <param index="1">
              <value>
                <![CDATA[public void com.qait.pennfoster.tests.domestic.diploma.Get_Info_Functionality_Test.Step03_User_Verify_SearchFunctionality()]]>
              </value>
            </param>
          </params>
          <reporter-output>
          </reporter-output>
        </test-method> <!-- take_screenshot_on_failure -->
        <test-method status="PASS" signature="getMethodName(java.lang.reflect.Method)[pri:0, instance:com.qait.pennfoster.tests.domestic.diploma.Get_Info_Functionality_Test@1d611c8]" name="getMethodName" is-config="true" duration-ms="0" started-at="2017-05-30T10:12:59Z" finished-at="2017-05-30T10:12:59Z">
          <params>
            <param index="0">
              <value>
                <![CDATA[public void com.qait.pennfoster.tests.domestic.diploma.Get_Info_Functionality_Test.Step04_Navigate_To_Get_Info_Page_And_Verify_Fields()]]>
              </value>
            </param>
          </params>
          <reporter-output>
            <line>
              <![CDATA[
]]>
            </line>
            <line>
              <![CDATA[********** TEST METHOD  : - STEP04_NAVIGATE_TO_GET_INFO_PAGE_AND_VERIFY_FIELDS ***************]]>
            </line>
            <line>
              <![CDATA[
]]>
            </line>
          </reporter-output>
        </test-method> <!-- getMethodName -->
        <test-method status="PASS" signature="take_screenshot_on_failure(org.testng.ITestResult, java.lang.reflect.Method)[pri:0, instance:com.qait.pennfoster.tests.domestic.diploma.Get_Info_Functionality_Test@1d611c8]" name="take_screenshot_on_failure" is-config="true" duration-ms="0" started-at="2017-05-30T10:13:09Z" finished-at="2017-05-30T10:13:09Z">
          <params>
            <param index="0">
              <value>
                <![CDATA[[TestResult name=Step04_Navigate_To_Get_Info_Page_And_Verify_Fields status=SUCCESS method=Get_Info_Functionality_Test.Step04_Navigate_To_Get_Info_Page_And_Verify_Fields()[pri:0, instance:com.qait.pennfoster.tests.domestic.diploma.Get_Info_Functionality_Test@1d611c8] output=ASSERT PASSED: PageTitle for RequestInformation is exactly: 'Request Information on Penn Foster degrees, diplomas, certificates']]]>
              </value>
            </param>
            <param index="1">
              <value>
                <![CDATA[public void com.qait.pennfoster.tests.domestic.diploma.Get_Info_Functionality_Test.Step04_Navigate_To_Get_Info_Page_And_Verify_Fields()]]>
              </value>
            </param>
          </params>
          <reporter-output>
          </reporter-output>
        </test-method> <!-- take_screenshot_on_failure -->
        <test-method status="PASS" signature="beforeMethod(java.lang.reflect.Method)[pri:0, instance:com.qait.pennfoster.tests.domestic.diploma.Get_Info_Functionality_Test@1d611c8]" name="beforeMethod" is-config="true" duration-ms="0" started-at="2017-05-30T10:13:09Z" finished-at="2017-05-30T10:13:09Z">
          <params>
            <param index="0">
              <value>
                <![CDATA[public void com.qait.pennfoster.tests.domestic.diploma.Get_Info_Functionality_Test.Step05_Verify_Error_Message_When_All_Mandatory_Fields_Are_Empty()]]>
              </value>
            </param>
          </params>
          <reporter-output>
            <line>
              <![CDATA[
]]>
            </line>
            <line>
              <![CDATA[********** TEST METHOD  : - STEP05_VERIFY_ERROR_MESSAGE_WHEN_ALL_MANDATORY_FIELDS_ARE_EMPTY ***************]]>
            </line>
            <line>
              <![CDATA[
]]>
            </line>
          </reporter-output>
        </test-method> <!-- beforeMethod -->
        <test-method status="PASS" signature="getMethodName(java.lang.reflect.Method)[pri:0, instance:com.qait.pennfoster.tests.domestic.diploma.Get_Info_Functionality_Test@1d611c8]" name="getMethodName" is-config="true" duration-ms="0" started-at="2017-05-30T10:13:09Z" finished-at="2017-05-30T10:13:09Z">
          <params>
            <param index="0">
              <value>
                <![CDATA[public void com.qait.pennfoster.tests.domestic.diploma.Get_Info_Functionality_Test.Step05_Verify_Error_Message_When_All_Mandatory_Fields_Are_Empty()]]>
              </value>
            </param>
          </params>
          <reporter-output>
            <line>
              <![CDATA[
]]>
            </line>
            <line>
              <![CDATA[********** TEST METHOD  : - STEP05_VERIFY_ERROR_MESSAGE_WHEN_ALL_MANDATORY_FIELDS_ARE_EMPTY ***************]]>
            </line>
            <line>
              <![CDATA[
]]>
            </line>
          </reporter-output>
        </test-method> <!-- getMethodName -->
        <test-method status="PASS" signature="Step05_Verify_Error_Message_When_All_Mandatory_Fields_Are_Empty()[pri:0, instance:com.qait.pennfoster.tests.domestic.diploma.Get_Info_Functionality_Test@1d611c8]" name="Step05_Verify_Error_Message_When_All_Mandatory_Fields_Are_Empty" duration-ms="7805" started-at="2017-05-30T10:13:09Z" depends-on-methods="com.qait.pennfoster.tests.domestic.diploma.Get_Info_Functionality_Test.Step04_Navigate_To_Get_Info_Page_And_Verify_Fields" finished-at="2017-05-30T10:13:16Z">
          <reporter-output>
            <line>
              <![CDATA[ASSERT PASSED: element txt_courseError is displayed.]]>
            </line>
            <line>
              <![CDATA[ASSERT PASSED: element txt_firstNameError is displayed.]]>
            </line>
            <line>
              <![CDATA[ASSERT PASSED: element txt_lastNameError is displayed.]]>
            </line>
            <line>
              <![CDATA[ASSERT PASSED: element txt_address1Error is displayed.]]>
            </line>
            <line>
              <![CDATA[ASSERT PASSED: element txt_cityError is displayed.]]>
            </line>
            <line>
              <![CDATA[ASSERT PASSED: element txt_zipcodeError is displayed.]]>
            </line>
            <line>
              <![CDATA[ASSERT PASSED: element txt_emailError is displayed.]]>
            </line>
            <line>
              <![CDATA[ASSERT PASSED: element txt_phoneError is displayed.]]>
            </line>
          </reporter-output>
        </test-method> <!-- Step05_Verify_Error_Message_When_All_Mandatory_Fields_Are_Empty -->
        <test-method status="PASS" signature="Step06_Verify_Thank_You_Page_After_Genrating_Request()[pri:0, instance:com.qait.pennfoster.tests.domestic.diploma.Get_Info_Functionality_Test@1d611c8]" name="Step06_Verify_Thank_You_Page_After_Genrating_Request" duration-ms="12077" started-at="2017-05-30T10:13:16Z" depends-on-methods="com.qait.pennfoster.tests.domestic.diploma.Get_Info_Functionality_Test.Step04_Navigate_To_Get_Info_Page_And_Verify_Fields" finished-at="2017-05-30T10:13:28Z">
          <reporter-output>
            <line>
              <![CDATA[User select High School Diploma value from dropdown]]>
            </line>
            <line>
              <![CDATA[Entered Text QAFirstNam]]>
            </line>
            <line>
              <![CDATA[Entered Text QALastName]]>
            </line>
            <line>
              <![CDATA[Entered Text 429 N Main Ave]]>
            </line>
            <line>
              <![CDATA[Entered Text Scranton]]>
            </line>
            <line>
              <![CDATA[User select Massachusetts value from dropdown]]>
            </line>
            <line>
              <![CDATA[Entered Text 18504]]>
            </line>
            <line>
              <![CDATA[Entered Text pennfosterqa14@gmail.com]]>
            </line>
            <line>
              <![CDATA[Entered Text 8003527550]]>
            </line>
            <line>
              <![CDATA[ASSERT PASSED: element txt_success is visible and Text is Success!]]>
            </line>
            <line>
              <![CDATA[ASSERT PASSED: element txt_success is visible and Text is Thank you for your interest in the High School Diploma]]>
            </line>
            <line>
              <![CDATA[ASSERT PASSED: element btn_getStarted is displayed.]]>
            </line>
          </reporter-output>
        </test-method> <!-- Step06_Verify_Thank_You_Page_After_Genrating_Request -->
        <test-method status="PASS" signature="take_screenshot_on_failure(org.testng.ITestResult, java.lang.reflect.Method)[pri:0, instance:com.qait.pennfoster.tests.domestic.diploma.Get_Info_Functionality_Test@1d611c8]" name="take_screenshot_on_failure" is-config="true" duration-ms="0" started-at="2017-05-30T10:13:16Z" finished-at="2017-05-30T10:13:16Z">
          <params>
            <param index="0">
              <value>
                <![CDATA[[TestResult name=Step05_Verify_Error_Message_When_All_Mandatory_Fields_Are_Empty status=SUCCESS method=Get_Info_Functionality_Test.Step05_Verify_Error_Message_When_All_Mandatory_Fields_Are_Empty()[pri:0, instance:com.qait.pennfoster.tests.domestic.diploma.Get_Info_Functionality_Test@1d611c8] output=ASSERT PASSED: element txt_courseError is displayed.]]]>
              </value>
            </param>
            <param index="1">
              <value>
                <![CDATA[public void com.qait.pennfoster.tests.domestic.diploma.Get_Info_Functionality_Test.Step05_Verify_Error_Message_When_All_Mandatory_Fields_Are_Empty()]]>
              </value>
            </param>
          </params>
          <reporter-output>
          </reporter-output>
        </test-method> <!-- take_screenshot_on_failure -->
        <test-method status="PASS" signature="getMethodName(java.lang.reflect.Method)[pri:0, instance:com.qait.pennfoster.tests.domestic.diploma.Get_Info_Functionality_Test@1d611c8]" name="getMethodName" is-config="true" duration-ms="0" started-at="2017-05-30T10:13:16Z" finished-at="2017-05-30T10:13:16Z">
          <params>
            <param index="0">
              <value>
                <![CDATA[public void com.qait.pennfoster.tests.domestic.diploma.Get_Info_Functionality_Test.Step06_Verify_Thank_You_Page_After_Genrating_Request()]]>
              </value>
            </param>
          </params>
          <reporter-output>
            <line>
              <![CDATA[
]]>
            </line>
            <line>
              <![CDATA[********** TEST METHOD  : - STEP06_VERIFY_THANK_YOU_PAGE_AFTER_GENRATING_REQUEST ***************]]>
            </line>
            <line>
              <![CDATA[
]]>
            </line>
          </reporter-output>
        </test-method> <!-- getMethodName -->
        <test-method status="PASS" signature="beforeMethod(java.lang.reflect.Method)[pri:0, instance:com.qait.pennfoster.tests.domestic.diploma.Get_Info_Functionality_Test@1d611c8]" name="beforeMethod" is-config="true" duration-ms="0" started-at="2017-05-30T10:13:16Z" finished-at="2017-05-30T10:13:16Z">
          <params>
            <param index="0">
              <value>
                <![CDATA[public void com.qait.pennfoster.tests.domestic.diploma.Get_Info_Functionality_Test.Step06_Verify_Thank_You_Page_After_Genrating_Request()]]>
              </value>
            </param>
          </params>
          <reporter-output>
            <line>
              <![CDATA[
]]>
            </line>
            <line>
              <![CDATA[********** TEST METHOD  : - STEP06_VERIFY_THANK_YOU_PAGE_AFTER_GENRATING_REQUEST ***************]]>
            </line>
            <line>
              <![CDATA[
]]>
            </line>
          </reporter-output>
        </test-method> <!-- beforeMethod -->
        <test-method status="PASS" signature="closeSeession()[pri:0, instance:com.qait.pennfoster.tests.domestic.diploma.Get_Info_Functionality_Test@1d611c8]" name="closeSeession" is-config="true" duration-ms="921" started-at="2017-05-30T10:13:28Z" finished-at="2017-05-30T10:13:29Z">
          <reporter-output>
          </reporter-output>
        </test-method> <!-- closeSeession -->
        <test-method status="PASS" signature="take_screenshot_on_failure(org.testng.ITestResult, java.lang.reflect.Method)[pri:0, instance:com.qait.pennfoster.tests.domestic.diploma.Get_Info_Functionality_Test@1d611c8]" name="take_screenshot_on_failure" is-config="true" duration-ms="0" started-at="2017-05-30T10:13:28Z" finished-at="2017-05-30T10:13:28Z">
          <params>
            <param index="0">
              <value>
                <![CDATA[[TestResult name=Step06_Verify_Thank_You_Page_After_Genrating_Request status=SUCCESS method=Get_Info_Functionality_Test.Step06_Verify_Thank_You_Page_After_Genrating_Request()[pri:0, instance:com.qait.pennfoster.tests.domestic.diploma.Get_Info_Functionality_Test@1d611c8] output=User select High School Diploma value from dropdown]]]>
              </value>
            </param>
            <param index="1">
              <value>
                <![CDATA[public void com.qait.pennfoster.tests.domestic.diploma.Get_Info_Functionality_Test.Step06_Verify_Thank_You_Page_After_Genrating_Request()]]>
              </value>
            </param>
          </params>
          <reporter-output>
          </reporter-output>
        </test-method> <!-- take_screenshot_on_failure -->
        <test-method status="PASS" signature="generateEnvironmentReport()[pri:0, instance:com.qait.pennfoster.tests.domestic.diploma.Get_Info_Functionality_Test@1d611c8]" name="generateEnvironmentReport" is-config="true" duration-ms="0" started-at="2017-05-30T10:13:29Z" finished-at="2017-05-30T10:13:29Z">
          <reporter-output>
          </reporter-output>
        </test-method> <!-- generateEnvironmentReport -->
      </class> <!-- com.qait.pennfoster.tests.domestic.diploma.Get_Info_Functionality_Test -->
    </test> <!-- Genreate Lead Test -->
  </suite> <!-- Test -->
</testng-results>
